{"meta": {"format": 3, "version": "7.14.1", "timestamp": "2026-06-09T13:13:53.479828", "branch_coverage": false, "show_contexts": false}, "files": {"py_fatigue/__init__.py": {"executed_lines": [4, 6, 7, 8, 9, 10, 16, 33, 36, 37, 39, 40, 41, 43, 44], "summary": {"covered_lines": 15, "num_statements": 15, "percent_covered": 100.0, "percent_covered_display": "100", "missing_lines": 0, "excluded_lines": 3, "percent_statements_covered": 100.0, "percent_statements_covered_display": "100"}, "missing_lines": [], "excluded_lines": [12, 13, 14], "functions": {"__getattr__": {"executed_lines": [36, 37, 39, 40, 41, 43, 44], "summary": {"covered_lines": 7, "num_statements": 7, "percent_covered": 100.0, "percent_covered_display": "100", "missing_lines": 0, "excluded_lines": 0, "percent_statements_covered": 100.0, "percent_statements_covered_display": "100"}, "missing_lines": [], "excluded_lines": [], "start_line": 33}, "": {"executed_lines": [4, 6, 7, 8, 9, 10, 16, 33], "summary": {"covered_lines": 8, "num_statements": 8, "percent_covered": 100.0, "percent_covered_display": "100", "missing_lines": 0, "excluded_lines": 3, "percent_statements_covered": 100.0, "percent_statements_covered_display": "100"}, "missing_lines": [], "excluded_lines": [12, 13, 14], "start_line": 1}}, "classes": {"": {"executed_lines": [4, 6, 7, 8, 9, 10, 16, 33, 36, 37, 39, 40, 41, 43, 44], "summary": {"covered_lines": 15, "num_statements": 15, "percent_covered": 100.0, "percent_covered_display": "100", "missing_lines": 0, "excluded_lines": 3, "percent_statements_covered": 100.0, "percent_statements_covered_display": "100"}, "missing_lines": [], "excluded_lines": [12, 13, 14], "start_line": 1}}}, "py_fatigue/cycle_count/__init__.py": {"executed_lines": [4, 5, 7], "summary": {"covered_lines": 3, "num_statements": 3, "percent_covered": 100.0, "percent_covered_display": "100", "missing_lines": 0, "excluded_lines": 0, "percent_statements_covered": 100.0, "percent_statements_covered_display": "100"}, "missing_lines": [], "excluded_lines": [], "functions": {"": {"executed_lines": [4, 5, 7], "summary": {"covered_lines": 3, "num_statements": 3, "percent_covered": 100.0, "percent_covered_display": "100", "missing_lines": 0, "excluded_lines": 0, "percent_statements_covered": 100.0, "percent_statements_covered_display": "100"}, "missing_lines": [], "excluded_lines": [], "start_line": 1}}, "classes": {"": {"executed_lines": [4, 5, 7], "summary": {"covered_lines": 3, "num_statements": 3, "percent_covered": 100.0, "percent_covered_display": "100", "missing_lines": 0, "excluded_lines": 0, "percent_statements_covered": 100.0, "percent_statements_covered_display": "100"}, "missing_lines": [], "excluded_lines": [], "start_line": 1}}}, "py_fatigue/cycle_count/cycle_count.py": {"executed_lines": [9, 10, 11, 12, 13, 14, 15, 16, 31, 34, 35, 36, 37, 38, 39, 40, 41, 42, 43, 45, 47, 49, 51, 52, 53, 56, 70, 86, 87, 88, 89, 90, 91, 92, 93, 94, 95, 97, 98, 100, 101, 111, 112, 113, 114, 116, 119, 128, 129, 130, 131, 132, 134, 139, 140, 141, 142, 143, 144, 147, 148, 149, 150, 160, 161, 163, 168, 169, 171, 172, 173, 175, 176, 177, 178, 179, 180, 190, 191, 196, 198, 199, 200, 202, 203, 204, 205, 207, 208, 209, 210, 212, 237, 240, 241, 260, 261, 262, 263, 264, 265, 266, 267, 268, 269, 270, 273, 276, 277, 278, 279, 280, 282, 283, 284, 285, 290, 293, 294, 318, 326, 327, 329, 330, 352, 355, 356, 357, 358, 359, 372, 375, 376, 383, 385, 386, 389, 390, 397, 398, 399, 401, 402, 411, 412, 413, 417, 423, 425, 426, 437, 438, 440, 441, 452, 453, 454, 456, 457, 464, 466, 467, 475, 481, 482, 490, 496, 497, 508, 517, 525, 527, 528, 538, 544, 549, 551, 552, 560, 562, 563, 571, 573, 574, 582, 584, 585, 596, 599, 600, 601, 602, 604, 607, 651, 658, 665, 674, 677, 679, 689, 690, 701, 720, 722, 734, 741, 742, 743, 750, 751, 758, 793, 806, 807, 809, 811, 847, 848, 854, 863, 872, 876, 879, 882, 886, 889, 896, 897, 898, 900, 903, 910, 911, 912, 915, 916, 917, 918, 954, 974, 976, 980, 981, 984, 1004, 1006, 1026, 1028, 1049, 1055, 1069, 1154, 1166, 1167, 1170, 1171, 1179, 1180, 1182, 1184, 1185, 1186, 1194, 1195, 1196, 1198, 1199, 1200, 1211, 1217, 1219, 1220, 1221, 1229, 1230, 1231, 1237, 1239, 1240, 1245, 1246, 1254, 1255, 1263, 1264, 1265, 1275, 1276, 1277, 1278, 1279, 1280, 1281, 1282, 1290, 1291, 1292, 1301, 1302, 1303, 1304, 1312, 1313, 1316, 1336, 1337, 1349, 1351, 1561, 1585, 1593, 1616, 1617, 1618, 1620, 1621, 1623, 1624, 1630, 1632, 1633, 1634, 1639, 1644, 1649, 1651, 1671, 1674, 1692, 1695, 1696, 1702, 1708, 1709, 1710, 1717, 1725, 1726, 1734, 1735, 1739, 1740, 1741, 1747, 1751, 1762, 1765, 1784, 1785, 1791, 1794, 1812, 1813, 1814, 1817, 1827, 1830, 1834, 1842, 1865, 1866, 1867, 1871, 1877, 1900, 1901, 1903, 1920, 1921, 1922, 1925, 1950, 1956, 1957, 1958, 1960, 1961, 1962, 1963, 1964, 1965, 1966, 1970, 1971, 1972, 1975, 1976, 1977, 1978, 1979, 1987, 1988, 1989, 1992, 2006, 2007, 2008, 2009, 2011, 2012, 2014, 2015, 2016, 2018, 2019, 2021, 2022, 2024, 2027, 2028, 2029, 2030, 2032, 2035, 2037, 2038, 2039, 2044, 2055], "summary": {"covered_lines": 420, "num_statements": 457, "percent_covered": 91.90371991247265, "percent_covered_display": "92", "missing_lines": 37, "excluded_lines": 245, "percent_statements_covered": 91.90371991247265, "percent_statements_covered_display": "92"}, "missing_lines": [133, 291, 387, 920, 923, 930, 931, 932, 934, 937, 944, 945, 946, 949, 950, 951, 952, 982, 1067, 1201, 1209, 1210, 1718, 1721, 1752, 1760, 1821, 1822, 1824, 1825, 1973, 2045, 2046, 2047, 2048, 2049, 2050], "excluded_lines": [724, 725, 726, 727, 728, 729, 730, 731, 732, 760, 761, 762, 763, 764, 765, 766, 767, 768, 769, 770, 771, 772, 773, 774, 775, 776, 777, 778, 779, 780, 781, 782, 783, 784, 785, 786, 787, 788, 789, 790, 1354, 1355, 1356, 1357, 1358, 1359, 1360, 1361, 1362, 1363, 1364, 1365, 1366, 1367, 1368, 1369, 1370, 1371, 1372, 1373, 1374, 1375, 1376, 1377, 1378, 1379, 1380, 1381, 1382, 1383, 1384, 1385, 1386, 1387, 1388, 1389, 1390, 1391, 1392, 1393, 1394, 1395, 1396, 1397, 1398, 1399, 1400, 1401, 1402, 1403, 1404, 1405, 1406, 1407, 1408, 1409, 1410, 1411, 1412, 1413, 1414, 1415, 1416, 1417, 1418, 1419, 1420, 1421, 1422, 1423, 1424, 1425, 1426, 1427, 1428, 1429, 1430, 1431, 1432, 1433, 1434, 1435, 1436, 1437, 1438, 1439, 1440, 1441, 1442, 1443, 1444, 1445, 1446, 1447, 1448, 1449, 1450, 1451, 1452, 1453, 1454, 1455, 1456, 1457, 1458, 1459, 1460, 1461, 1462, 1463, 1464, 1465, 1466, 1467, 1468, 1469, 1470, 1471, 1472, 1473, 1474, 1475, 1476, 1477, 1478, 1479, 1480, 1481, 1482, 1483, 1484, 1485, 1486, 1487, 1488, 1489, 1490, 1491, 1492, 1493, 1494, 1495, 1496, 1497, 1498, 1499, 1500, 1501, 1502, 1503, 1504, 1505, 1506, 1507, 1508, 1509, 1510, 1512, 1513, 1514, 1515, 1516, 1517, 1518, 1519, 1520, 1521, 1522, 1523, 1524, 1525, 1526, 1527, 1528, 1529, 1530, 1531, 1532, 1533, 1534, 1535, 1536, 1537, 1538, 1539, 1540, 1541, 1542, 1543, 1544, 1545, 1546, 1547, 1548, 1549, 1550, 1551, 1552, 1553, 1554, 1555, 1556, 1557, 1558, 1559], "functions": {"_assess_json_keys": {"executed_lines": [70, 86, 87, 88, 89, 90, 91, 92, 93, 94, 95, 97, 98, 100, 101, 111, 112, 113, 114, 116], "summary": {"covered_lines": 20, "num_statements": 20, "percent_covered": 100.0, "percent_covered_display": "100", "missing_lines": 0, "excluded_lines": 0, "percent_statements_covered": 100.0, "percent_statements_covered_display": "100"}, "missing_lines": [], "excluded_lines": [], "start_line": 56}, "_build_input_data_from_json": {"executed_lines": [128, 129, 130, 131, 132, 134, 139, 140, 141, 142, 143, 144, 147, 148, 149, 150, 160, 161, 163, 168, 169, 171, 172, 173, 175, 176, 177, 178, 179, 180, 190, 191, 196, 198, 199, 200, 202, 203, 204, 205, 207, 208, 209, 210, 212, 237], "summary": {"covered_lines": 46, "num_statements": 47, "percent_covered": 97.87234042553192, "percent_covered_display": "98", "missing_lines": 1, "excluded_lines": 0, "percent_statements_covered": 97.87234042553192, "percent_statements_covered_display": "98"}, "missing_lines": [133], "excluded_lines": [], "start_line": 119}, "CycleCount.__post_init__": {"executed_lines": [283, 284, 285, 290], "summary": {"covered_lines": 4, "num_statements": 5, "percent_covered": 80.0, "percent_covered_display": "80", "missing_lines": 1, "excluded_lines": 0, "percent_statements_covered": 80.0, "percent_statements_covered_display": "80"}, "missing_lines": [291], "excluded_lines": [], "start_line": 282}, "CycleCount.from_rainflow": {"executed_lines": [318, 326, 327], "summary": {"covered_lines": 3, "num_statements": 3, "percent_covered": 100.0, "percent_covered_display": "100", "missing_lines": 0, "excluded_lines": 0, "percent_statements_covered": 100.0, "percent_statements_covered_display": "100"}, "missing_lines": [], "excluded_lines": [], "start_line": 294}, "CycleCount.from_timeseries": {"executed_lines": [352, 355, 356, 357, 358, 359, 372], "summary": {"covered_lines": 7, "num_statements": 7, "percent_covered": 100.0, "percent_covered_display": "100", "missing_lines": 0, "excluded_lines": 0, "percent_statements_covered": 100.0, "percent_statements_covered_display": "100"}, "missing_lines": [], "excluded_lines": [], "start_line": 330}, "CycleCount.mean_bin_lower_bound": {"executed_lines": [], "summary": {"covered_lines": 0, "num_statements": 1, "percent_covered": 0.0, "percent_covered_display": "0", "missing_lines": 1, "excluded_lines": 0, "percent_statements_covered": 0.0, "percent_statements_covered_display": "0"}, "missing_lines": [387], "excluded_lines": [], "start_line": 386}, "CycleCount.time_sequence": {"executed_lines": [397, 398, 399], "summary": {"covered_lines": 3, "num_statements": 3, "percent_covered": 100.0, "percent_covered_display": "100", "missing_lines": 0, "excluded_lines": 0, "percent_statements_covered": 100.0, "percent_statements_covered_display": "100"}, "missing_lines": [], "excluded_lines": [], "start_line": 390}, "CycleCount.min_max_sequence": {"executed_lines": [411, 412, 413, 417, 423], "summary": {"covered_lines": 5, "num_statements": 5, "percent_covered": 100.0, "percent_covered_display": "100", "missing_lines": 0, "excluded_lines": 0, "percent_statements_covered": 100.0, "percent_statements_covered_display": "100"}, "missing_lines": [], "excluded_lines": [], "start_line": 402}, "CycleCount.residuals": {"executed_lines": [437, 438], "summary": {"covered_lines": 2, "num_statements": 2, "percent_covered": 100.0, "percent_covered_display": "100", "missing_lines": 0, "excluded_lines": 0, "percent_statements_covered": 100.0, "percent_statements_covered_display": "100"}, "missing_lines": [], "excluded_lines": [], "start_line": 426}, "CycleCount.full_cycles": {"executed_lines": [452, 453, 454], "summary": {"covered_lines": 3, "num_statements": 3, "percent_covered": 100.0, "percent_covered_display": "100", "missing_lines": 0, "excluded_lines": 0, "percent_statements_covered": 100.0, "percent_statements_covered_display": "100"}, "missing_lines": [], "excluded_lines": [], "start_line": 441}, "CycleCount.half_cycles": {"executed_lines": [464], "summary": {"covered_lines": 1, "num_statements": 1, "percent_covered": 100.0, "percent_covered_display": "100", "missing_lines": 0, "excluded_lines": 0, "percent_statements_covered": 100.0, "percent_statements_covered_display": "100"}, "missing_lines": [], "excluded_lines": [], "start_line": 457}, "CycleCount.mean_bin_upper_bound": {"executed_lines": [475], "summary": {"covered_lines": 1, "num_statements": 1, "percent_covered": 100.0, "percent_covered_display": "100", "missing_lines": 0, "excluded_lines": 0, "percent_statements_covered": 100.0, "percent_statements_covered_display": "100"}, "missing_lines": [], "excluded_lines": [], "start_line": 467}, "CycleCount.range_bin_upper_bound": {"executed_lines": [490], "summary": {"covered_lines": 1, "num_statements": 1, "percent_covered": 100.0, "percent_covered_display": "100", "missing_lines": 0, "excluded_lines": 0, "percent_statements_covered": 100.0, "percent_statements_covered_display": "100"}, "missing_lines": [], "excluded_lines": [], "start_line": 482}, "CycleCount.bin_centers": {"executed_lines": [508, 517, 525], "summary": {"covered_lines": 3, "num_statements": 3, "percent_covered": 100.0, "percent_covered_display": "100", "missing_lines": 0, "excluded_lines": 0, "percent_statements_covered": 100.0, "percent_statements_covered_display": "100"}, "missing_lines": [], "excluded_lines": [], "start_line": 497}, "CycleCount.bin_edges": {"executed_lines": [538, 544, 549], "summary": {"covered_lines": 3, "num_statements": 3, "percent_covered": 100.0, "percent_covered_display": "100", "missing_lines": 0, "excluded_lines": 0, "percent_statements_covered": 100.0, "percent_statements_covered_display": "100"}, "missing_lines": [], "excluded_lines": [], "start_line": 528}, "CycleCount.stress_amplitude": {"executed_lines": [560], "summary": {"covered_lines": 1, "num_statements": 1, "percent_covered": 100.0, "percent_covered_display": "100", "missing_lines": 0, "excluded_lines": 0, "percent_statements_covered": 100.0, "percent_statements_covered_display": "100"}, "missing_lines": [], "excluded_lines": [], "start_line": 552}, "CycleCount.min_stress": {"executed_lines": [571], "summary": {"covered_lines": 1, "num_statements": 1, "percent_covered": 100.0, "percent_covered_display": "100", "missing_lines": 0, "excluded_lines": 0, "percent_statements_covered": 100.0, "percent_statements_covered_display": "100"}, "missing_lines": [], "excluded_lines": [], "start_line": 563}, "CycleCount.max_stress": {"executed_lines": [582], "summary": {"covered_lines": 1, "num_statements": 1, "percent_covered": 100.0, "percent_covered_display": "100", "missing_lines": 0, "excluded_lines": 0, "percent_statements_covered": 100.0, "percent_statements_covered_display": "100"}, "missing_lines": [], "excluded_lines": [], "start_line": 574}, "CycleCount.statistical_moments": {"executed_lines": [596, 599, 600, 601, 602, 604], "summary": {"covered_lines": 6, "num_statements": 6, "percent_covered": 100.0, "percent_covered_display": "100", "missing_lines": 0, "excluded_lines": 0, "percent_statements_covered": 100.0, "percent_statements_covered_display": "100"}, "missing_lines": [], "excluded_lines": [], "start_line": 585}, "CycleCount.as_dict": {"executed_lines": [651, 658, 665, 674, 677], "summary": {"covered_lines": 5, "num_statements": 5, "percent_covered": 100.0, "percent_covered_display": "100", "missing_lines": 0, "excluded_lines": 0, "percent_statements_covered": 100.0, "percent_statements_covered_display": "100"}, "missing_lines": [], "excluded_lines": [], "start_line": 607}, "CycleCount.summary": {"executed_lines": [689, 690, 701, 720, 722], "summary": {"covered_lines": 5, "num_statements": 5, "percent_covered": 100.0, "percent_covered_display": "100", "missing_lines": 0, "excluded_lines": 0, "percent_statements_covered": 100.0, "percent_statements_covered_display": "100"}, "missing_lines": [], "excluded_lines": [], "start_line": 679}, "CycleCount._repr_html_": {"executed_lines": [], "summary": {"covered_lines": 0, "num_statements": 0, "percent_covered": 100.0, "percent_covered_display": "100", "missing_lines": 0, "excluded_lines": 8, "percent_statements_covered": 100.0, "percent_statements_covered_display": "100"}, "missing_lines": [], "excluded_lines": [725, 726, 727, 728, 729, 730, 731, 732], "start_line": 724}, "CycleCount.__str__": {"executed_lines": [741, 742, 743, 750, 751, 758], "summary": {"covered_lines": 6, "num_statements": 6, "percent_covered": 100.0, "percent_covered_display": "100", "missing_lines": 0, "excluded_lines": 0, "percent_statements_covered": 100.0, "percent_statements_covered_display": "100"}, "missing_lines": [], "excluded_lines": [], "start_line": 734}, "CycleCount.to_df": {"executed_lines": [], "summary": {"covered_lines": 0, "num_statements": 0, "percent_covered": 100.0, "percent_covered_display": "100", "missing_lines": 0, "excluded_lines": 30, "percent_statements_covered": 100.0, "percent_statements_covered_display": "100"}, "missing_lines": [], "excluded_lines": [761, 762, 763, 764, 765, 766, 767, 768, 769, 770, 771, 772, 773, 774, 775, 776, 777, 778, 779, 780, 781, 782, 783, 784, 785, 786, 787, 788, 789, 790], "start_line": 760}, "CycleCount.__eq__": {"executed_lines": [806, 807, 809], "summary": {"covered_lines": 3, "num_statements": 3, "percent_covered": 100.0, "percent_covered_display": "100", "missing_lines": 0, "excluded_lines": 0, "percent_statements_covered": 100.0, "percent_statements_covered_display": "100"}, "missing_lines": [], "excluded_lines": [], "start_line": 793}, "CycleCount.__add__": {"executed_lines": [847, 848, 854, 863, 872, 876, 879, 882, 886, 889, 896, 897, 898, 900, 903, 910, 911, 912, 915, 916, 917, 918, 954, 974], "summary": {"covered_lines": 24, "num_statements": 38, "percent_covered": 63.1578947368421, "percent_covered_display": "63", "missing_lines": 14, "excluded_lines": 0, "percent_statements_covered": 63.1578947368421, "percent_statements_covered_display": "63"}, "missing_lines": [920, 923, 930, 931, 932, 934, 937, 944, 945, 946, 949, 950, 951, 952], "excluded_lines": [], "start_line": 811}, "CycleCount.__radd__": {"executed_lines": [980, 981], "summary": {"covered_lines": 2, "num_statements": 3, "percent_covered": 66.66666666666667, "percent_covered_display": "67", "missing_lines": 1, "excluded_lines": 0, "percent_statements_covered": 66.66666666666667, "percent_statements_covered_display": "67"}, "missing_lines": [982], "excluded_lines": [], "start_line": 976}, "CycleCount.__mul__": {"executed_lines": [1004], "summary": {"covered_lines": 1, "num_statements": 1, "percent_covered": 100.0, "percent_covered_display": "100", "missing_lines": 0, "excluded_lines": 0, "percent_statements_covered": 100.0, "percent_statements_covered_display": "100"}, "missing_lines": [], "excluded_lines": [], "start_line": 984}, "CycleCount.__rmul__": {"executed_lines": [1026], "summary": {"covered_lines": 1, "num_statements": 1, "percent_covered": 100.0, "percent_covered_display": "100", "missing_lines": 0, "excluded_lines": 0, "percent_statements_covered": 100.0, "percent_statements_covered_display": "100"}, "missing_lines": [], "excluded_lines": [], "start_line": 1006}, "CycleCount.solve_lffd": {"executed_lines": [1049], "summary": {"covered_lines": 1, "num_statements": 1, "percent_covered": 100.0, "percent_covered_display": "100", "missing_lines": 0, "excluded_lines": 0, "percent_statements_covered": 100.0, "percent_statements_covered_display": "100"}, "missing_lines": [], "excluded_lines": [], "start_line": 1028}, "CycleCount.resolve_residuals": {"executed_lines": [], "summary": {"covered_lines": 0, "num_statements": 1, "percent_covered": 0.0, "percent_covered_display": "0", "missing_lines": 1, "excluded_lines": 0, "percent_statements_covered": 0.0, "percent_statements_covered_display": "0"}, "missing_lines": [1067], "excluded_lines": [], "start_line": 1055}, "CycleCount.mean_stress_correction": {"executed_lines": [1154, 1166, 1167, 1170, 1171, 1179, 1180, 1182, 1184, 1185, 1186, 1194, 1195, 1196, 1198, 1199, 1200, 1211, 1217, 1219, 1220, 1221, 1229, 1230, 1231, 1237, 1239, 1240, 1245, 1246, 1254, 1255, 1263, 1264, 1265, 1275, 1276, 1277, 1278, 1279, 1280, 1281, 1282, 1290, 1291, 1292, 1301, 1302, 1303, 1304, 1312, 1313, 1316, 1336, 1337, 1349, 1351], "summary": {"covered_lines": 57, "num_statements": 60, "percent_covered": 95.0, "percent_covered_display": "95", "missing_lines": 3, "excluded_lines": 0, "percent_statements_covered": 95.0, "percent_statements_covered_display": "95"}, "missing_lines": [1201, 1209, 1210], "excluded_lines": [], "start_line": 1069}, "CycleCount.plot_histogram": {"executed_lines": [], "summary": {"covered_lines": 0, "num_statements": 0, "percent_covered": 100.0, "percent_covered_display": "100", "missing_lines": 0, "excluded_lines": 144, "percent_statements_covered": 100.0, "percent_statements_covered_display": "100"}, "missing_lines": [], "excluded_lines": [1367, 1368, 1369, 1370, 1371, 1372, 1373, 1374, 1375, 1376, 1377, 1378, 1379, 1380, 1381, 1382, 1383, 1384, 1385, 1386, 1387, 1388, 1389, 1390, 1391, 1392, 1393, 1394, 1395, 1396, 1397, 1398, 1399, 1400, 1401, 1402, 1403, 1404, 1405, 1406, 1407, 1408, 1409, 1410, 1411, 1412, 1413, 1414, 1415, 1416, 1417, 1418, 1419, 1420, 1421, 1422, 1423, 1424, 1425, 1426, 1427, 1428, 1429, 1430, 1431, 1432, 1433, 1434, 1435, 1436, 1437, 1438, 1439, 1440, 1441, 1442, 1443, 1444, 1445, 1446, 1447, 1448, 1449, 1450, 1451, 1452, 1453, 1454, 1455, 1456, 1457, 1458, 1459, 1460, 1461, 1462, 1463, 1464, 1465, 1466, 1467, 1468, 1469, 1470, 1471, 1472, 1473, 1474, 1475, 1476, 1477, 1478, 1479, 1480, 1481, 1482, 1483, 1484, 1485, 1486, 1487, 1488, 1489, 1490, 1491, 1492, 1493, 1494, 1495, 1496, 1497, 1498, 1499, 1500, 1501, 1502, 1503, 1504, 1505, 1506, 1507, 1508, 1509, 1510], "start_line": 1354}, "CycleCount.plot_residuals_sequence": {"executed_lines": [], "summary": {"covered_lines": 0, "num_statements": 0, "percent_covered": 100.0, "percent_covered_display": "100", "missing_lines": 0, "excluded_lines": 39, "percent_statements_covered": 100.0, "percent_statements_covered_display": "100"}, "missing_lines": [], "excluded_lines": [1521, 1522, 1523, 1524, 1525, 1526, 1527, 1528, 1529, 1530, 1531, 1532, 1533, 1534, 1535, 1536, 1537, 1538, 1539, 1540, 1541, 1542, 1543, 1544, 1545, 1546, 1547, 1548, 1549, 1550, 1551, 1552, 1553, 1554, 1555, 1556, 1557, 1558, 1559], "start_line": 1512}, "CycleCount.plot_half_cycles_sequence": {"executed_lines": [1585], "summary": {"covered_lines": 1, "num_statements": 1, "percent_covered": 100.0, "percent_covered_display": "100", "missing_lines": 0, "excluded_lines": 0, "percent_statements_covered": 100.0, "percent_statements_covered_display": "100"}, "missing_lines": [], "excluded_lines": [], "start_line": 1561}, "_multiplication_by_scalar": {"executed_lines": [1616, 1617, 1618, 1620, 1621, 1623, 1624, 1630, 1632, 1633, 1634, 1639, 1644, 1649, 1651, 1671], "summary": {"covered_lines": 16, "num_statements": 16, "percent_covered": 100.0, "percent_covered_display": "100", "missing_lines": 0, "excluded_lines": 0, "percent_statements_covered": 100.0, "percent_statements_covered_display": "100"}, "missing_lines": [], "excluded_lines": [], "start_line": 1593}, "_cycle_count_add_checks": {"executed_lines": [1692, 1695, 1696, 1702, 1708, 1709, 1710, 1717, 1725, 1726, 1734, 1735, 1739, 1740, 1741, 1747, 1751, 1762], "summary": {"covered_lines": 18, "num_statements": 22, "percent_covered": 81.81818181818181, "percent_covered_display": "82", "missing_lines": 4, "excluded_lines": 0, "percent_statements_covered": 81.81818181818181, "percent_statements_covered_display": "82"}, "missing_lines": [1718, 1721, 1752, 1760], "excluded_lines": [], "start_line": 1674}, "_bin_widths_add_check": {"executed_lines": [1784, 1785, 1791], "summary": {"covered_lines": 3, "num_statements": 3, "percent_covered": 100.0, "percent_covered_display": "100", "missing_lines": 0, "excluded_lines": 0, "percent_statements_covered": 100.0, "percent_statements_covered_display": "100"}, "missing_lines": [], "excluded_lines": [], "start_line": 1765}, "_handling_different_bins_in_sum": {"executed_lines": [1812, 1813, 1814, 1817, 1827, 1830, 1834], "summary": {"covered_lines": 7, "num_statements": 11, "percent_covered": 63.63636363636363, "percent_covered_display": "64", "missing_lines": 4, "excluded_lines": 0, "percent_statements_covered": 63.63636363636363, "percent_statements_covered_display": "64"}, "missing_lines": [1821, 1822, 1824, 1825], "excluded_lines": [], "start_line": 1794}, "_solve_lffd": {"executed_lines": [1865, 1866, 1867, 1871, 1877, 1900, 1901, 1903, 1920, 1921, 1922], "summary": {"covered_lines": 11, "num_statements": 11, "percent_covered": 100.0, "percent_covered_display": "100", "missing_lines": 0, "excluded_lines": 0, "percent_statements_covered": 100.0, "percent_statements_covered_display": "100"}, "missing_lines": [], "excluded_lines": [], "start_line": 1842}, "_lffd_checks": {"executed_lines": [1950, 1956, 1957, 1958, 1960, 1961, 1962, 1963, 1964, 1965, 1966, 1970, 1971, 1972, 1975, 1976, 1977, 1978, 1979, 1987, 1988, 1989], "summary": {"covered_lines": 22, "num_statements": 23, "percent_covered": 95.65217391304348, "percent_covered_display": "96", "missing_lines": 1, "excluded_lines": 0, "percent_statements_covered": 95.65217391304348, "percent_statements_covered_display": "96"}, "missing_lines": [1973], "excluded_lines": [], "start_line": 1925}, "pbar_sum": {"executed_lines": [2006, 2007, 2008, 2009, 2011, 2012, 2014, 2015, 2016, 2018, 2019, 2021, 2022, 2024, 2027, 2028, 2029, 2030, 2032, 2035, 2037, 2038, 2039, 2044, 2055], "summary": {"covered_lines": 25, "num_statements": 31, "percent_covered": 80.64516129032258, "percent_covered_display": "81", "missing_lines": 6, "excluded_lines": 0, "percent_statements_covered": 80.64516129032258, "percent_statements_covered_display": "81"}, "missing_lines": [2045, 2046, 2047, 2048, 2049, 2050], "excluded_lines": [], "start_line": 1992}, "": {"executed_lines": [9, 10, 11, 12, 13, 14, 15, 16, 31, 34, 35, 36, 37, 38, 39, 40, 41, 42, 43, 45, 47, 49, 51, 52, 53, 56, 119, 240, 241, 260, 261, 262, 263, 264, 265, 266, 267, 268, 269, 270, 273, 276, 277, 278, 279, 280, 282, 293, 294, 329, 330, 375, 376, 385, 386, 389, 390, 401, 402, 425, 426, 440, 441, 456, 457, 466, 467, 481, 482, 496, 497, 527, 528, 551, 552, 562, 563, 573, 574, 584, 585, 607, 679, 734, 793, 811, 976, 984, 1006, 1028, 1055, 1069, 1561, 1593, 1674, 1765, 1794, 1842, 1925, 1992], "summary": {"covered_lines": 100, "num_statements": 100, "percent_covered": 100.0, "percent_covered_display": "100", "missing_lines": 0, "excluded_lines": 24, "percent_statements_covered": 100.0, "percent_statements_covered_display": "100"}, "missing_lines": [], "excluded_lines": [724, 760, 1354, 1355, 1356, 1357, 1358, 1359, 1360, 1361, 1362, 1363, 1364, 1365, 1366, 1512, 1513, 1514, 1515, 1516, 1517, 1518, 1519, 1520], "start_line": 1}}, "classes": {"CycleCount": {"executed_lines": [283, 284, 285, 290, 318, 326, 327, 352, 355, 356, 357, 358, 359, 372, 383, 397, 398, 399, 411, 412, 413, 417, 423, 437, 438, 452, 453, 454, 464, 475, 490, 508, 517, 525, 538, 544, 549, 560, 571, 582, 596, 599, 600, 601, 602, 604, 651, 658, 665, 674, 677, 689, 690, 701, 720, 722, 741, 742, 743, 750, 751, 758, 806, 807, 809, 847, 848, 854, 863, 872, 876, 879, 882, 886, 889, 896, 897, 898, 900, 903, 910, 911, 912, 915, 916, 917, 918, 954, 974, 980, 981, 1004, 1026, 1049, 1154, 1166, 1167, 1170, 1171, 1179, 1180, 1182, 1184, 1185, 1186, 1194, 1195, 1196, 1198, 1199, 1200, 1211, 1217, 1219, 1220, 1221, 1229, 1230, 1231, 1237, 1239, 1240, 1245, 1246, 1254, 1255, 1263, 1264, 1265, 1275, 1276, 1277, 1278, 1279, 1280, 1281, 1282, 1290, 1291, 1292, 1301, 1302, 1303, 1304, 1312, 1313, 1316, 1336, 1337, 1349, 1351, 1585], "summary": {"covered_lines": 152, "num_statements": 173, "percent_covered": 87.86127167630057, "percent_covered_display": "88", "missing_lines": 21, "excluded_lines": 221, "percent_statements_covered": 87.86127167630057, "percent_statements_covered_display": "88"}, "missing_lines": [291, 387, 920, 923, 930, 931, 932, 934, 937, 944, 945, 946, 949, 950, 951, 952, 982, 1067, 1201, 1209, 1210], "excluded_lines": [725, 726, 727, 728, 729, 730, 731, 732, 761, 762, 763, 764, 765, 766, 767, 768, 769, 770, 771, 772, 773, 774, 775, 776, 777, 778, 779, 780, 781, 782, 783, 784, 785, 786, 787, 788, 789, 790, 1367, 1368, 1369, 1370, 1371, 1372, 1373, 1374, 1375, 1376, 1377, 1378, 1379, 1380, 1381, 1382, 1383, 1384, 1385, 1386, 1387, 1388, 1389, 1390, 1391, 1392, 1393, 1394, 1395, 1396, 1397, 1398, 1399, 1400, 1401, 1402, 1403, 1404, 1405, 1406, 1407, 1408, 1409, 1410, 1411, 1412, 1413, 1414, 1415, 1416, 1417, 1418, 1419, 1420, 1421, 1422, 1423, 1424, 1425, 1426, 1427, 1428, 1429, 1430, 1431, 1432, 1433, 1434, 1435, 1436, 1437, 1438, 1439, 1440, 1441, 1442, 1443, 1444, 1445, 1446, 1447, 1448, 1449, 1450, 1451, 1452, 1453, 1454, 1455, 1456, 1457, 1458, 1459, 1460, 1461, 1462, 1463, 1464, 1465, 1466, 1467, 1468, 1469, 1470, 1471, 1472, 1473, 1474, 1475, 1476, 1477, 1478, 1479, 1480, 1481, 1482, 1483, 1484, 1485, 1486, 1487, 1488, 1489, 1490, 1491, 1492, 1493, 1494, 1495, 1496, 1497, 1498, 1499, 1500, 1501, 1502, 1503, 1504, 1505, 1506, 1507, 1508, 1509, 1510, 1521, 1522, 1523, 1524, 1525, 1526, 1527, 1528, 1529, 1530, 1531, 1532, 1533, 1534, 1535, 1536, 1537, 1538, 1539, 1540, 1541, 1542, 1543, 1544, 1545, 1546, 1547, 1548, 1549, 1550, 1551, 1552, 1553, 1554, 1555, 1556, 1557, 1558, 1559], "start_line": 241}, "": {"executed_lines": [9, 10, 11, 12, 13, 14, 15, 16, 31, 34, 35, 36, 37, 38, 39, 40, 41, 42, 43, 45, 47, 49, 51, 52, 53, 56, 70, 86, 87, 88, 89, 90, 91, 92, 93, 94, 95, 97, 98, 100, 101, 111, 112, 113, 114, 116, 119, 128, 129, 130, 131, 132, 134, 139, 140, 141, 142, 143, 144, 147, 148, 149, 150, 160, 161, 163, 168, 169, 171, 172, 173, 175, 176, 177, 178, 179, 180, 190, 191, 196, 198, 199, 200, 202, 203, 204, 205, 207, 208, 209, 210, 212, 237, 240, 241, 260, 261, 262, 263, 264, 265, 266, 267, 268, 269, 270, 273, 276, 277, 278, 279, 280, 282, 293, 294, 329, 330, 375, 376, 385, 386, 389, 390, 401, 402, 425, 426, 440, 441, 456, 457, 466, 467, 481, 482, 496, 497, 527, 528, 551, 552, 562, 563, 573, 574, 584, 585, 607, 679, 734, 793, 811, 976, 984, 1006, 1028, 1055, 1069, 1561, 1593, 1616, 1617, 1618, 1620, 1621, 1623, 1624, 1630, 1632, 1633, 1634, 1639, 1644, 1649, 1651, 1671, 1674, 1692, 1695, 1696, 1702, 1708, 1709, 1710, 1717, 1725, 1726, 1734, 1735, 1739, 1740, 1741, 1747, 1751, 1762, 1765, 1784, 1785, 1791, 1794, 1812, 1813, 1814, 1817, 1827, 1830, 1834, 1842, 1865, 1866, 1867, 1871, 1877, 1900, 1901, 1903, 1920, 1921, 1922, 1925, 1950, 1956, 1957, 1958, 1960, 1961, 1962, 1963, 1964, 1965, 1966, 1970, 1971, 1972, 1975, 1976, 1977, 1978, 1979, 1987, 1988, 1989, 1992, 2006, 2007, 2008, 2009, 2011, 2012, 2014, 2015, 2016, 2018, 2019, 2021, 2022, 2024, 2027, 2028, 2029, 2030, 2032, 2035, 2037, 2038, 2039, 2044, 2055], "summary": {"covered_lines": 268, "num_statements": 284, "percent_covered": 94.36619718309859, "percent_covered_display": "94", "missing_lines": 16, "excluded_lines": 24, "percent_statements_covered": 94.36619718309859, "percent_statements_covered_display": "94"}, "missing_lines": [133, 1718, 1721, 1752, 1760, 1821, 1822, 1824, 1825, 1973, 2045, 2046, 2047, 2048, 2049, 2050], "excluded_lines": [724, 760, 1354, 1355, 1356, 1357, 1358, 1359, 1360, 1361, 1362, 1363, 1364, 1365, 1366, 1512, 1513, 1514, 1515, 1516, 1517, 1518, 1519, 1520], "start_line": 1}}}, "py_fatigue/cycle_count/histogram.py": {"executed_lines": [10, 11, 12, 15, 16, 17, 18, 20, 21, 22, 23, 25, 34, 37, 87, 88, 90, 91, 99, 100, 101, 109, 110, 113, 137, 138, 139, 140, 141, 146, 147, 153, 154, 157, 239, 240, 243, 244, 247, 248, 253, 254, 255, 256, 264, 267, 329, 330, 335, 336, 337, 340, 382, 395, 398, 403, 405, 407, 408, 409, 418, 419, 420, 425, 434, 444, 445, 447, 448, 449, 450, 455, 471, 472, 473, 474, 475, 476, 477, 480, 504, 505, 506, 507, 508, 509, 510, 511, 514, 593, 602, 609, 616, 626, 627, 630, 633, 670, 671, 674, 679, 681, 682, 683, 686, 687, 688, 690], "summary": {"covered_lines": 108, "num_statements": 114, "percent_covered": 94.73684210526316, "percent_covered_display": "95", "missing_lines": 6, "excluded_lines": 25, "percent_statements_covered": 94.73684210526316, "percent_statements_covered_display": "95"}, "missing_lines": [245, 249, 250, 252, 399, 628], "excluded_lines": [341, 343, 344, 345, 346, 348, 350, 351, 352, 353, 355, 356, 357, 358, 359, 411, 412, 413, 414, 415, 416, 426, 427, 436, 437], "functions": {"make_histogram": {"executed_lines": [87, 88, 90, 91, 99, 100, 101, 109, 110], "summary": {"covered_lines": 9, "num_statements": 9, "percent_covered": 100.0, "percent_covered_display": "100", "missing_lines": 0, "excluded_lines": 0, "percent_statements_covered": 100.0, "percent_statements_covered_display": "100"}, "missing_lines": [], "excluded_lines": [], "start_line": 37}, "map_hist": {"executed_lines": [137, 138, 139, 140, 141, 146, 147, 153, 154], "summary": {"covered_lines": 9, "num_statements": 9, "percent_covered": 100.0, "percent_covered_display": "100", "missing_lines": 0, "excluded_lines": 0, "percent_statements_covered": 100.0, "percent_statements_covered_display": "100"}, "missing_lines": [], "excluded_lines": [], "start_line": 113}, "xy_hist2d": {"executed_lines": [239, 240, 243, 244, 247, 248, 253, 254, 255, 256, 264], "summary": {"covered_lines": 11, "num_statements": 15, "percent_covered": 73.33333333333333, "percent_covered_display": "73", "missing_lines": 4, "excluded_lines": 0, "percent_statements_covered": 73.33333333333333, "percent_statements_covered_display": "73"}, "missing_lines": [245, 249, 250, 252], "excluded_lines": [], "start_line": 157}, "rainflow_binner": {"executed_lines": [329, 330, 335, 336, 337, 340, 382, 395, 398, 403, 405, 407, 408, 409, 418, 419, 420, 425, 434, 444, 445, 447, 448, 449, 450], "summary": {"covered_lines": 25, "num_statements": 26, "percent_covered": 96.15384615384616, "percent_covered_display": "96", "missing_lines": 1, "excluded_lines": 25, "percent_statements_covered": 96.15384615384616, "percent_statements_covered_display": "96"}, "missing_lines": [399], "excluded_lines": [341, 343, 344, 345, 346, 348, 350, 351, 352, 353, 355, 356, 357, 358, 359, 411, 412, 413, 414, 415, 416, 426, 427, 436, 437], "start_line": 267}, "rainflow_threshold": {"executed_lines": [471, 472, 473, 474, 475, 476, 477], "summary": {"covered_lines": 7, "num_statements": 7, "percent_covered": 100.0, "percent_covered_display": "100", "missing_lines": 0, "excluded_lines": 0, "percent_statements_covered": 100.0, "percent_statements_covered_display": "100"}, "missing_lines": [], "excluded_lines": [], "start_line": 455}, "initialise_binned_rainflow_dict": {"executed_lines": [504, 505, 506, 507, 508, 509, 510, 511], "summary": {"covered_lines": 8, "num_statements": 8, "percent_covered": 100.0, "percent_covered_display": "100", "missing_lines": 0, "excluded_lines": 0, "percent_statements_covered": 100.0, "percent_statements_covered_display": "100"}, "missing_lines": [], "excluded_lines": [], "start_line": 480}, "binned_rainflow": {"executed_lines": [593, 602, 609, 616, 626, 627, 630], "summary": {"covered_lines": 7, "num_statements": 8, "percent_covered": 87.5, "percent_covered_display": "88", "missing_lines": 1, "excluded_lines": 0, "percent_statements_covered": 87.5, "percent_statements_covered_display": "88"}, "missing_lines": [628], "excluded_lines": [], "start_line": 514}, "_build_binned_dict": {"executed_lines": [670, 671, 674, 679, 681, 682, 683, 686, 687, 688, 690], "summary": {"covered_lines": 11, "num_statements": 11, "percent_covered": 100.0, "percent_covered_display": "100", "missing_lines": 0, "excluded_lines": 0, "percent_statements_covered": 100.0, "percent_statements_covered_display": "100"}, "missing_lines": [], "excluded_lines": [], "start_line": 633}, "": {"executed_lines": [10, 11, 12, 15, 16, 17, 18, 20, 21, 22, 23, 25, 34, 37, 113, 157, 267, 455, 480, 514, 633], "summary": {"covered_lines": 21, "num_statements": 21, "percent_covered": 100.0, "percent_covered_display": "100", "missing_lines": 0, "excluded_lines": 0, "percent_statements_covered": 100.0, "percent_statements_covered_display": "100"}, "missing_lines": [], "excluded_lines": [], "start_line": 1}}, "classes": {"": {"executed_lines": [10, 11, 12, 15, 16, 17, 18, 20, 21, 22, 23, 25, 34, 37, 87, 88, 90, 91, 99, 100, 101, 109, 110, 113, 137, 138, 139, 140, 141, 146, 147, 153, 154, 157, 239, 240, 243, 244, 247, 248, 253, 254, 255, 256, 264, 267, 329, 330, 335, 336, 337, 340, 382, 395, 398, 403, 405, 407, 408, 409, 418, 419, 420, 425, 434, 444, 445, 447, 448, 449, 450, 455, 471, 472, 473, 474, 475, 476, 477, 480, 504, 505, 506, 507, 508, 509, 510, 511, 514, 593, 602, 609, 616, 626, 627, 630, 633, 670, 671, 674, 679, 681, 682, 683, 686, 687, 688, 690], "summary": {"covered_lines": 108, "num_statements": 114, "percent_covered": 94.73684210526316, "percent_covered_display": "95", "missing_lines": 6, "excluded_lines": 25, "percent_statements_covered": 94.73684210526316, "percent_statements_covered_display": "95"}, "missing_lines": [245, 249, 250, 252, 399, 628], "excluded_lines": [341, 343, 344, 345, 346, 348, 350, 351, 352, 353, 355, 356, 357, 358, 359, 411, 412, 413, 414, 415, 416, 426, 427, 436, 437], "start_line": 1}}}, "py_fatigue/cycle_count/rainflow.py": {"executed_lines": [26, 30, 31, 34, 35, 37, 51, 86, 88, 89, 98, 101, 147, 148, 150, 151, 152, 153, 154, 156, 157, 158, 161, 162, 163, 166, 168, 169, 172, 197, 198, 201, 203, 204, 205, 208, 209, 265, 277, 278, 280, 281, 282, 283, 284, 285, 286, 287, 288, 289, 290, 291, 292, 293, 294, 296, 297, 298, 299, 300, 301, 303, 304, 305, 306, 307, 308, 309, 310, 311, 314, 331, 332, 334, 335, 336, 337, 338, 339, 340, 341, 342, 343, 344, 345, 346, 347, 348, 349, 350, 351, 352, 353, 355, 356, 357, 358, 359, 360, 361, 363, 364, 366, 367, 368, 369, 370, 371, 372, 373, 374, 377, 402, 403, 404, 405, 406, 407, 409, 410, 411, 412, 416, 424, 441, 442, 443, 444, 445, 446, 447, 448, 449, 450, 451, 452, 453, 454, 455, 466, 467, 468, 470, 471, 472, 473, 476, 490, 491, 493, 494, 495, 496, 497, 498, 499, 500, 501, 502, 506, 509, 526, 527, 528, 529, 530, 539, 542, 565, 566, 567, 568, 570, 571, 572, 573, 576, 577, 578, 579, 580, 592, 593, 594, 597, 598, 603, 606, 614, 639, 640, 641, 642, 643, 644, 645, 646, 648, 649, 650, 651, 653, 654, 655, 656, 661, 662, 663, 664, 665, 666, 667, 668], "summary": {"covered_lines": 213, "num_statements": 250, "percent_covered": 85.2, "percent_covered_display": "85", "missing_lines": 37, "excluded_lines": 0, "percent_statements_covered": 85.2, "percent_statements_covered_display": "85"}, "missing_lines": [224, 225, 226, 227, 228, 229, 230, 231, 232, 234, 235, 236, 237, 238, 239, 240, 241, 242, 243, 244, 245, 247, 251, 254, 255, 256, 257, 492, 505, 531, 533, 536, 537, 538, 595, 647, 658], "excluded_lines": [], "functions": {"findtp": {"executed_lines": [86, 88, 89, 98], "summary": {"covered_lines": 4, "num_statements": 4, "percent_covered": 100.0, "percent_covered_display": "100", "missing_lines": 0, "excluded_lines": 0, "percent_statements_covered": 100.0, "percent_statements_covered_display": "100"}, "missing_lines": [], "excluded_lines": [], "start_line": 51}, "findcross": {"executed_lines": [147, 148, 150, 151, 152, 153, 154, 156, 157, 158, 161, 162, 163, 166, 168, 169], "summary": {"covered_lines": 16, "num_statements": 16, "percent_covered": 100.0, "percent_covered_display": "100", "missing_lines": 0, "excluded_lines": 0, "percent_statements_covered": 100.0, "percent_statements_covered_display": "100"}, "missing_lines": [], "excluded_lines": [], "start_line": 101}, "findextrema": {"executed_lines": [197, 198], "summary": {"covered_lines": 2, "num_statements": 2, "percent_covered": 100.0, "percent_covered_display": "100", "missing_lines": 0, "excluded_lines": 0, "percent_statements_covered": 100.0, "percent_statements_covered_display": "100"}, "missing_lines": [], "excluded_lines": [], "start_line": 172}, "findcross_indices": {"executed_lines": [203, 204, 205], "summary": {"covered_lines": 3, "num_statements": 3, "percent_covered": 100.0, "percent_covered_display": "100", "missing_lines": 0, "excluded_lines": 0, "percent_statements_covered": 100.0, "percent_statements_covered_display": "100"}, "missing_lines": [], "excluded_lines": [], "start_line": 201}, "_findcross": {"executed_lines": [], "summary": {"covered_lines": 0, "num_statements": 27, "percent_covered": 0.0, "percent_covered_display": "0", "missing_lines": 27, "excluded_lines": 0, "percent_statements_covered": 0.0, "percent_statements_covered_display": "0"}, "missing_lines": [224, 225, 226, 227, 228, 229, 230, 231, 232, 234, 235, 236, 237, 238, 239, 240, 241, 242, 243, 244, 245, 247, 251, 254, 255, 256, 257], "excluded_lines": [], "start_line": 209}, "_findrfc3_astm": {"executed_lines": [277, 278, 280, 281, 282, 283, 284, 285, 286, 287, 288, 289, 290, 291, 292, 293, 294, 296, 297, 298, 299, 300, 301, 303, 304, 305, 306, 307, 308, 309, 310, 311], "summary": {"covered_lines": 32, "num_statements": 32, "percent_covered": 100.0, "percent_covered_display": "100", "missing_lines": 0, "excluded_lines": 0, "percent_statements_covered": 100.0, "percent_statements_covered_display": "100"}, "missing_lines": [], "excluded_lines": [], "start_line": 265}, "_findrfc5_astm": {"executed_lines": [331, 332, 334, 335, 336, 337, 338, 339, 340, 341, 342, 343, 344, 345, 346, 347, 348, 349, 350, 351, 352, 353, 355, 356, 357, 358, 359, 360, 361, 363, 364, 366, 367, 368, 369, 370, 371, 372, 373, 374], "summary": {"covered_lines": 40, "num_statements": 40, "percent_covered": 100.0, "percent_covered_display": "100", "missing_lines": 0, "excluded_lines": 0, "percent_statements_covered": 100.0, "percent_statements_covered_display": "100"}, "missing_lines": [], "excluded_lines": [], "start_line": 314}, "findrfc_astm": {"executed_lines": [402, 403, 404, 405, 406, 407, 409, 410, 411, 412, 416], "summary": {"covered_lines": 11, "num_statements": 11, "percent_covered": 100.0, "percent_covered_display": "100", "missing_lines": 0, "excluded_lines": 0, "percent_statements_covered": 100.0, "percent_statements_covered_display": "100"}, "missing_lines": [], "excluded_lines": [], "start_line": 377}, "_extract_cycles_from_sequence": {"executed_lines": [441, 442, 443, 444, 445, 446, 447, 448, 449, 450, 451, 452, 453, 454, 455, 466, 467, 468, 470, 471, 472, 473], "summary": {"covered_lines": 22, "num_statements": 22, "percent_covered": 100.0, "percent_covered_display": "100", "missing_lines": 0, "excluded_lines": 0, "percent_statements_covered": 100.0, "percent_statements_covered_display": "100"}, "missing_lines": [], "excluded_lines": [], "start_line": 424}, "_duplicate_and_select_crossing_cycles": {"executed_lines": [490, 491, 493, 494, 495, 496, 497, 498, 499, 500, 501, 502, 506], "summary": {"covered_lines": 13, "num_statements": 15, "percent_covered": 86.66666666666667, "percent_covered_display": "87", "missing_lines": 2, "excluded_lines": 0, "percent_statements_covered": 86.66666666666667, "percent_statements_covered_display": "87"}, "missing_lines": [492, 505], "excluded_lines": [], "start_line": 476}, "_process_residue": {"executed_lines": [526, 527, 528, 529, 530, 539], "summary": {"covered_lines": 6, "num_statements": 11, "percent_covered": 54.54545454545455, "percent_covered_display": "55", "missing_lines": 5, "excluded_lines": 0, "percent_statements_covered": 54.54545454545455, "percent_statements_covered_display": "55"}, "missing_lines": [531, 533, 536, 537, 538], "excluded_lines": [], "start_line": 509}, "findrfc_fourpoint": {"executed_lines": [565, 566, 567, 568, 570, 571, 572, 573, 576, 577, 578, 579, 580, 592, 593, 594, 597, 598, 603, 606], "summary": {"covered_lines": 20, "num_statements": 21, "percent_covered": 95.23809523809524, "percent_covered_display": "95", "missing_lines": 1, "excluded_lines": 0, "percent_statements_covered": 95.23809523809524, "percent_statements_covered_display": "95"}, "missing_lines": [595], "excluded_lines": [], "start_line": 542}, "rainflow": {"executed_lines": [639, 640, 641, 642, 643, 644, 645, 646, 648, 649, 650, 651, 653, 654, 655, 656, 661, 662, 663, 664, 665, 666, 667, 668], "summary": {"covered_lines": 24, "num_statements": 26, "percent_covered": 92.3076923076923, "percent_covered_display": "92", "missing_lines": 2, "excluded_lines": 0, "percent_statements_covered": 92.3076923076923, "percent_statements_covered_display": "92"}, "missing_lines": [647, 658], "excluded_lines": [], "start_line": 614}, "": {"executed_lines": [26, 30, 31, 34, 35, 37, 51, 101, 172, 201, 208, 209, 265, 314, 377, 424, 476, 509, 542, 614], "summary": {"covered_lines": 20, "num_statements": 20, "percent_covered": 100.0, "percent_covered_display": "100", "missing_lines": 0, "excluded_lines": 0, "percent_statements_covered": 100.0, "percent_statements_covered_display": "100"}, "missing_lines": [], "excluded_lines": [], "start_line": 1}}, "classes": {"": {"executed_lines": [26, 30, 31, 34, 35, 37, 51, 86, 88, 89, 98, 101, 147, 148, 150, 151, 152, 153, 154, 156, 157, 158, 161, 162, 163, 166, 168, 169, 172, 197, 198, 201, 203, 204, 205, 208, 209, 265, 277, 278, 280, 281, 282, 283, 284, 285, 286, 287, 288, 289, 290, 291, 292, 293, 294, 296, 297, 298, 299, 300, 301, 303, 304, 305, 306, 307, 308, 309, 310, 311, 314, 331, 332, 334, 335, 336, 337, 338, 339, 340, 341, 342, 343, 344, 345, 346, 347, 348, 349, 350, 351, 352, 353, 355, 356, 357, 358, 359, 360, 361, 363, 364, 366, 367, 368, 369, 370, 371, 372, 373, 374, 377, 402, 403, 404, 405, 406, 407, 409, 410, 411, 412, 416, 424, 441, 442, 443, 444, 445, 446, 447, 448, 449, 450, 451, 452, 453, 454, 455, 466, 467, 468, 470, 471, 472, 473, 476, 490, 491, 493, 494, 495, 496, 497, 498, 499, 500, 501, 502, 506, 509, 526, 527, 528, 529, 530, 539, 542, 565, 566, 567, 568, 570, 571, 572, 573, 576, 577, 578, 579, 580, 592, 593, 594, 597, 598, 603, 606, 614, 639, 640, 641, 642, 643, 644, 645, 646, 648, 649, 650, 651, 653, 654, 655, 656, 661, 662, 663, 664, 665, 666, 667, 668], "summary": {"covered_lines": 213, "num_statements": 250, "percent_covered": 85.2, "percent_covered_display": "85", "missing_lines": 37, "excluded_lines": 0, "percent_statements_covered": 85.2, "percent_statements_covered_display": "85"}, "missing_lines": [224, 225, 226, 227, 228, 229, 230, 231, 232, 234, 235, 236, 237, 238, 239, 240, 241, 242, 243, 244, 245, 247, 251, 254, 255, 256, 257, 492, 505, 531, 533, 536, 537, 538, 595, 647, 658], "excluded_lines": [], "start_line": 1}}}, "py_fatigue/cycle_count/utils.py": {"executed_lines": [6, 8, 9, 10, 11, 13, 14, 15, 18, 19, 20, 21, 22], "summary": {"covered_lines": 13, "num_statements": 13, "percent_covered": 100.0, "percent_covered_display": "100", "missing_lines": 0, "excluded_lines": 290, "percent_statements_covered": 100.0, "percent_statements_covered_display": "100"}, "missing_lines": [], "excluded_lines": [4, 25, 26, 27, 28, 29, 30, 31, 32, 33, 34, 35, 36, 37, 38, 39, 40, 41, 42, 43, 44, 45, 46, 49, 50, 51, 52, 53, 54, 55, 56, 57, 58, 59, 60, 61, 62, 63, 64, 65, 66, 67, 68, 69, 70, 71, 72, 73, 74, 75, 76, 77, 78, 79, 80, 81, 82, 83, 84, 85, 86, 87, 88, 89, 90, 91, 92, 93, 94, 95, 96, 97, 98, 99, 100, 101, 102, 103, 104, 105, 106, 107, 108, 109, 110, 111, 112, 113, 114, 115, 116, 117, 118, 119, 120, 121, 122, 123, 124, 125, 126, 127, 128, 129, 130, 131, 132, 133, 134, 135, 136, 137, 138, 139, 140, 141, 142, 143, 144, 145, 146, 147, 148, 149, 150, 151, 152, 153, 154, 155, 156, 157, 158, 159, 160, 161, 162, 163, 164, 165, 166, 167, 168, 169, 170, 171, 172, 173, 174, 175, 176, 177, 178, 179, 180, 181, 182, 183, 184, 185, 186, 187, 188, 189, 190, 191, 192, 193, 194, 195, 196, 197, 198, 199, 200, 201, 202, 203, 204, 205, 208, 209, 210, 211, 212, 213, 214, 215, 216, 217, 218, 219, 220, 221, 222, 223, 224, 225, 226, 227, 228, 229, 230, 231, 232, 233, 234, 235, 236, 237, 238, 239, 240, 241, 242, 243, 244, 245, 246, 247, 248, 249, 250, 251, 252, 253, 254, 255, 256, 257, 258, 261, 262, 263, 264, 265, 266, 267, 268, 269, 270, 271, 272, 273, 274, 275, 276, 277, 278, 279, 280, 281, 282, 283, 284, 285, 286, 287, 288, 289, 290, 291, 292, 293, 294, 295, 296, 297, 298, 299, 300, 301, 302, 303, 304, 305, 306, 307, 308, 309, 310, 311, 312, 313, 314, 315, 316, 317, 318, 319], "functions": {"solve_lffd": {"executed_lines": [], "summary": {"covered_lines": 0, "num_statements": 0, "percent_covered": 100.0, "percent_covered_display": "100", "missing_lines": 0, "excluded_lines": 18, "percent_statements_covered": 100.0, "percent_statements_covered_display": "100"}, "missing_lines": [], "excluded_lines": [29, 30, 31, 32, 33, 34, 35, 36, 37, 38, 39, 40, 41, 42, 43, 44, 45, 46], "start_line": 25}, "aggregate_cc": {"executed_lines": [], "summary": {"covered_lines": 0, "num_statements": 0, "percent_covered": 100.0, "percent_covered_display": "100", "missing_lines": 0, "excluded_lines": 148, "percent_statements_covered": 100.0, "percent_statements_covered_display": "100"}, "missing_lines": [], "excluded_lines": [58, 59, 60, 61, 62, 63, 64, 65, 66, 67, 68, 69, 70, 71, 72, 73, 74, 75, 76, 77, 78, 79, 80, 81, 82, 83, 84, 85, 86, 87, 88, 89, 90, 91, 92, 93, 94, 95, 96, 97, 98, 99, 100, 101, 102, 103, 104, 105, 106, 107, 108, 109, 110, 111, 112, 113, 114, 115, 116, 117, 118, 119, 120, 121, 122, 123, 124, 125, 126, 127, 128, 129, 130, 131, 132, 133, 134, 135, 136, 137, 138, 139, 140, 141, 142, 143, 144, 145, 146, 147, 148, 149, 150, 151, 152, 153, 154, 155, 156, 157, 158, 159, 160, 161, 162, 163, 164, 165, 166, 167, 168, 169, 170, 171, 172, 173, 174, 175, 176, 177, 178, 179, 180, 181, 182, 183, 184, 185, 186, 187, 188, 189, 190, 191, 192, 193, 194, 195, 196, 197, 198, 199, 200, 201, 202, 203, 204, 205], "start_line": 49}, "plot_aggregated_residuals": {"executed_lines": [], "summary": {"covered_lines": 0, "num_statements": 0, "percent_covered": 100.0, "percent_covered_display": "100", "missing_lines": 0, "excluded_lines": 46, "percent_statements_covered": 100.0, "percent_statements_covered_display": "100"}, "missing_lines": [], "excluded_lines": [213, 214, 215, 216, 217, 218, 219, 220, 221, 222, 223, 224, 225, 226, 227, 228, 229, 230, 231, 232, 233, 234, 235, 236, 237, 238, 239, 240, 241, 242, 243, 244, 245, 246, 247, 248, 249, 250, 251, 252, 253, 254, 255, 256, 257, 258], "start_line": 208}, "calc_aggregated_damage": {"executed_lines": [], "summary": {"covered_lines": 0, "num_statements": 0, "percent_covered": 100.0, "percent_covered_display": "100", "missing_lines": 0, "excluded_lines": 53, "percent_statements_covered": 100.0, "percent_statements_covered_display": "100"}, "missing_lines": [], "excluded_lines": [267, 268, 269, 270, 271, 272, 273, 274, 275, 276, 277, 278, 279, 280, 281, 282, 283, 284, 285, 286, 287, 288, 289, 290, 291, 292, 293, 294, 295, 296, 297, 298, 299, 300, 301, 302, 303, 304, 305, 306, 307, 308, 309, 310, 311, 312, 313, 314, 315, 316, 317, 318, 319], "start_line": 261}, "": {"executed_lines": [6, 8, 9, 10, 11, 13, 14, 15, 18, 19, 20, 21, 22], "summary": {"covered_lines": 13, "num_statements": 13, "percent_covered": 100.0, "percent_covered_display": "100", "missing_lines": 0, "excluded_lines": 25, "percent_statements_covered": 100.0, "percent_statements_covered_display": "100"}, "missing_lines": [], "excluded_lines": [4, 25, 26, 27, 28, 49, 50, 51, 52, 53, 54, 55, 56, 57, 208, 209, 210, 211, 212, 261, 262, 263, 264, 265, 266], "start_line": 1}}, "classes": {"": {"executed_lines": [6, 8, 9, 10, 11, 13, 14, 15, 18, 19, 20, 21, 22], "summary": {"covered_lines": 13, "num_statements": 13, "percent_covered": 100.0, "percent_covered_display": "100", "missing_lines": 0, "excluded_lines": 290, "percent_statements_covered": 100.0, "percent_statements_covered_display": "100"}, "missing_lines": [], "excluded_lines": [4, 25, 26, 27, 28, 29, 30, 31, 32, 33, 34, 35, 36, 37, 38, 39, 40, 41, 42, 43, 44, 45, 46, 49, 50, 51, 52, 53, 54, 55, 56, 57, 58, 59, 60, 61, 62, 63, 64, 65, 66, 67, 68, 69, 70, 71, 72, 73, 74, 75, 76, 77, 78, 79, 80, 81, 82, 83, 84, 85, 86, 87, 88, 89, 90, 91, 92, 93, 94, 95, 96, 97, 98, 99, 100, 101, 102, 103, 104, 105, 106, 107, 108, 109, 110, 111, 112, 113, 114, 115, 116, 117, 118, 119, 120, 121, 122, 123, 124, 125, 126, 127, 128, 129, 130, 131, 132, 133, 134, 135, 136, 137, 138, 139, 140, 141, 142, 143, 144, 145, 146, 147, 148, 149, 150, 151, 152, 153, 154, 155, 156, 157, 158, 159, 160, 161, 162, 163, 164, 165, 166, 167, 168, 169, 170, 171, 172, 173, 174, 175, 176, 177, 178, 179, 180, 181, 182, 183, 184, 185, 186, 187, 188, 189, 190, 191, 192, 193, 194, 195, 196, 197, 198, 199, 200, 201, 202, 203, 204, 205, 208, 209, 210, 211, 212, 213, 214, 215, 216, 217, 218, 219, 220, 221, 222, 223, 224, 225, 226, 227, 228, 229, 230, 231, 232, 233, 234, 235, 236, 237, 238, 239, 240, 241, 242, 243, 244, 245, 246, 247, 248, 249, 250, 251, 252, 253, 254, 255, 256, 257, 258, 261, 262, 263, 264, 265, 266, 267, 268, 269, 270, 271, 272, 273, 274, 275, 276, 277, 278, 279, 280, 281, 282, 283, 284, 285, 286, 287, 288, 289, 290, 291, 292, 293, 294, 295, 296, 297, 298, 299, 300, 301, 302, 303, 304, 305, 306, 307, 308, 309, 310, 311, 312, 313, 314, 315, 316, 317, 318, 319], "start_line": 1}}}, "py_fatigue/damage/__init__.py": {"executed_lines": [1, 12, 14], "summary": {"covered_lines": 3, "num_statements": 3, "percent_covered": 100.0, "percent_covered_display": "100", "missing_lines": 0, "excluded_lines": 0, "percent_statements_covered": 100.0, "percent_statements_covered_display": "100"}, "missing_lines": [], "excluded_lines": [], "functions": {"": {"executed_lines": [1, 12, 14], "summary": {"covered_lines": 3, "num_statements": 3, "percent_covered": 100.0, "percent_covered_display": "100", "missing_lines": 0, "excluded_lines": 0, "percent_statements_covered": 100.0, "percent_statements_covered_display": "100"}, "missing_lines": [], "excluded_lines": [], "start_line": 1}}, "classes": {"": {"executed_lines": [1, 12, 14], "summary": {"covered_lines": 3, "num_statements": 3, "percent_covered": 100.0, "percent_covered_display": "100", "missing_lines": 0, "excluded_lines": 0, "percent_statements_covered": 100.0, "percent_statements_covered_display": "100"}, "missing_lines": [], "excluded_lines": [], "start_line": 1}}}, "py_fatigue/damage/crack_growth.py": {"executed_lines": [6, 9, 10, 11, 12, 15, 16, 17, 18, 19, 21, 23, 24, 25, 27, 29, 517, 518, 537, 539, 540, 541, 542, 544, 545, 549, 552, 553, 555, 558, 559, 561, 584, 590, 591, 592, 597, 600, 604, 606, 609, 611, 612, 615, 616, 618, 620, 631, 632, 633, 634, 635, 636, 637, 639, 642, 643, 644, 647, 648, 651, 657, 659, 661, 662, 664, 667, 669, 672, 676, 677, 678, 679, 680, 681, 682, 683, 684], "summary": {"covered_lines": 78, "num_statements": 79, "percent_covered": 98.73417721518987, "percent_covered_display": "99", "missing_lines": 1, "excluded_lines": 463, "percent_statements_covered": 98.73417721518987, "percent_statements_covered_display": "99"}, "missing_lines": [617], "excluded_lines": [46, 47, 48, 49, 50, 51, 52, 53, 54, 55, 56, 57, 58, 59, 60, 61, 62, 63, 64, 65, 66, 67, 68, 69, 70, 71, 72, 73, 74, 75, 76, 77, 78, 79, 80, 81, 82, 83, 84, 85, 86, 87, 88, 89, 90, 91, 92, 93, 94, 95, 96, 97, 98, 99, 100, 101, 102, 103, 104, 105, 106, 107, 108, 109, 110, 111, 112, 113, 114, 115, 116, 117, 118, 119, 120, 121, 122, 123, 124, 125, 126, 127, 128, 129, 130, 131, 132, 133, 134, 135, 136, 137, 138, 139, 140, 141, 142, 143, 144, 145, 146, 147, 148, 149, 150, 151, 152, 153, 154, 155, 156, 157, 158, 159, 160, 161, 162, 163, 164, 165, 166, 167, 168, 169, 170, 171, 172, 173, 174, 175, 176, 177, 178, 179, 180, 181, 182, 183, 184, 185, 186, 187, 188, 189, 190, 191, 192, 193, 194, 195, 196, 197, 198, 199, 200, 201, 202, 203, 204, 205, 206, 207, 208, 209, 210, 211, 212, 213, 214, 215, 216, 217, 218, 219, 220, 221, 222, 223, 224, 225, 226, 227, 228, 229, 230, 231, 232, 233, 234, 235, 236, 237, 238, 239, 240, 241, 242, 243, 244, 245, 246, 247, 248, 249, 250, 251, 252, 253, 254, 255, 256, 257, 258, 259, 260, 261, 262, 263, 264, 265, 266, 267, 268, 269, 270, 271, 272, 273, 274, 275, 276, 277, 278, 279, 280, 281, 282, 283, 284, 285, 286, 287, 288, 289, 290, 291, 292, 293, 294, 295, 296, 297, 298, 299, 300, 301, 302, 303, 304, 305, 306, 307, 308, 309, 310, 311, 312, 313, 314, 315, 316, 317, 318, 319, 320, 321, 324, 325, 326, 327, 328, 329, 330, 331, 332, 333, 334, 335, 336, 337, 338, 339, 340, 341, 342, 343, 344, 345, 346, 347, 350, 351, 352, 353, 354, 355, 356, 357, 358, 359, 360, 361, 362, 363, 364, 365, 366, 367, 368, 369, 370, 371, 372, 373, 374, 375, 376, 377, 378, 379, 380, 381, 382, 383, 384, 385, 386, 387, 388, 389, 390, 391, 394, 395, 396, 397, 398, 399, 400, 401, 402, 403, 404, 405, 406, 407, 408, 409, 410, 411, 412, 413, 414, 415, 416, 417, 418, 419, 420, 421, 422, 423, 424, 425, 426, 427, 428, 429, 430, 431, 432, 433, 434, 435, 436, 437, 438, 439, 440, 441, 442, 443, 444, 445, 446, 447, 448, 449, 450, 451, 452, 453, 454, 455, 456, 457, 458, 459, 460, 461, 462, 463, 464, 465, 466, 467, 468, 469, 470, 471, 472, 473, 474, 475, 476, 477, 478, 479, 480, 481, 482, 483, 484, 485, 486, 487, 488, 489, 490, 491, 492, 493, 494, 495, 496, 497, 498, 499, 500, 501, 502, 503, 504, 505, 506, 507, 508, 509, 510, 511, 512, 513, 514], "functions": {"CalcCrackGrowth.__init__": {"executed_lines": [], "summary": {"covered_lines": 0, "num_statements": 0, "percent_covered": 100.0, "percent_covered_display": "100", "missing_lines": 0, "excluded_lines": 17, "percent_statements_covered": 100.0, "percent_statements_covered_display": "100"}, "missing_lines": [], "excluded_lines": [136, 137, 138, 139, 140, 141, 142, 143, 144, 145, 146, 147, 148, 149, 150, 151, 152], "start_line": 124}, "CalcCrackGrowth.__str__": {"executed_lines": [], "summary": {"covered_lines": 0, "num_statements": 0, "percent_covered": 100.0, "percent_covered_display": "100", "missing_lines": 0, "excluded_lines": 4, "percent_statements_covered": 100.0, "percent_statements_covered_display": "100"}, "missing_lines": [], "excluded_lines": [155, 156, 157, 158], "start_line": 154}, "CalcCrackGrowth.size": {"executed_lines": [], "summary": {"covered_lines": 0, "num_statements": 0, "percent_covered": 100.0, "percent_covered_display": "100", "missing_lines": 0, "excluded_lines": 2, "percent_statements_covered": 100.0, "percent_statements_covered_display": "100"}, "missing_lines": [], "excluded_lines": [162, 163], "start_line": 161}, "CalcCrackGrowth.get_knees_sif": {"executed_lines": [], "summary": {"covered_lines": 0, "num_statements": 0, "percent_covered": 100.0, "percent_covered_display": "100", "missing_lines": 0, "excluded_lines": 35, "percent_statements_covered": 100.0, "percent_statements_covered_display": "100"}, "missing_lines": [], "excluded_lines": [167, 168, 169, 170, 171, 172, 173, 174, 175, 176, 177, 178, 179, 180, 181, 182, 183, 184, 185, 186, 187, 188, 189, 190, 191, 192, 193, 194, 195, 196, 197, 198, 199, 200, 201], "start_line": 166}, "CalcCrackGrowth.calc_growth_rate": {"executed_lines": [], "summary": {"covered_lines": 0, "num_statements": 0, "percent_covered": 100.0, "percent_covered_display": "100", "missing_lines": 0, "excluded_lines": 33, "percent_statements_covered": 100.0, "percent_statements_covered_display": "100"}, "missing_lines": [], "excluded_lines": [206, 207, 208, 209, 210, 211, 212, 213, 214, 215, 216, 217, 218, 219, 220, 221, 222, 223, 224, 225, 226, 227, 228, 229, 230, 231, 232, 233, 234, 235, 236, 237, 238], "start_line": 203}, "CalcCrackGrowth.calc_crack_depth": {"executed_lines": [], "summary": {"covered_lines": 0, "num_statements": 0, "percent_covered": 100.0, "percent_covered_display": "100", "missing_lines": 0, "excluded_lines": 79, "percent_statements_covered": 100.0, "percent_statements_covered_display": "100"}, "missing_lines": [], "excluded_lines": [243, 244, 245, 246, 247, 248, 249, 250, 251, 252, 253, 254, 255, 256, 257, 258, 259, 260, 261, 262, 263, 264, 265, 266, 267, 268, 269, 270, 271, 272, 273, 274, 275, 276, 277, 278, 279, 280, 281, 282, 283, 284, 285, 286, 287, 288, 289, 290, 291, 292, 293, 294, 295, 296, 297, 298, 299, 300, 301, 302, 303, 304, 305, 306, 307, 308, 309, 310, 311, 312, 313, 314, 315, 316, 317, 318, 319, 320, 321], "start_line": 240}, "get_geometry_factor": {"executed_lines": [], "summary": {"covered_lines": 0, "num_statements": 0, "percent_covered": 100.0, "percent_covered_display": "100", "missing_lines": 0, "excluded_lines": 10, "percent_statements_covered": 100.0, "percent_statements_covered_display": "100"}, "missing_lines": [], "excluded_lines": [338, 339, 340, 341, 342, 343, 344, 345, 346, 347], "start_line": 333}, "get_sif": {"executed_lines": [], "summary": {"covered_lines": 0, "num_statements": 0, "percent_covered": 100.0, "percent_covered_display": "100", "missing_lines": 0, "excluded_lines": 26, "percent_statements_covered": 100.0, "percent_statements_covered_display": "100"}, "missing_lines": [], "excluded_lines": [366, 367, 368, 369, 370, 371, 372, 373, 374, 375, 376, 377, 378, 379, 380, 381, 382, 383, 384, 385, 386, 387, 388, 389, 390, 391], "start_line": 360}, "get_crack_growth": {"executed_lines": [], "summary": {"covered_lines": 0, "num_statements": 0, "percent_covered": 100.0, "percent_covered_display": "100", "missing_lines": 0, "excluded_lines": 115, "percent_statements_covered": 100.0, "percent_statements_covered_display": "100"}, "missing_lines": [], "excluded_lines": [400, 401, 402, 403, 404, 405, 406, 407, 408, 409, 410, 411, 412, 413, 414, 415, 416, 417, 418, 419, 420, 421, 422, 423, 424, 425, 426, 427, 428, 429, 430, 431, 432, 433, 434, 435, 436, 437, 438, 439, 440, 441, 442, 443, 444, 445, 446, 447, 448, 449, 450, 451, 452, 453, 454, 455, 456, 457, 458, 459, 460, 461, 462, 463, 464, 465, 466, 467, 468, 469, 470, 471, 472, 473, 474, 475, 476, 477, 478, 479, 480, 481, 482, 483, 484, 485, 486, 487, 488, 489, 490, 491, 492, 493, 494, 495, 496, 497, 498, 499, 500, 501, 502, 503, 504, 505, 506, 507, 508, 509, 510, 511, 512, 513, 514], "start_line": 394}, "CrackGrowth.__init__": {"executed_lines": [539, 540, 541, 542], "summary": {"covered_lines": 4, "num_statements": 4, "percent_covered": 100.0, "percent_covered_display": "100", "missing_lines": 0, "excluded_lines": 0, "percent_statements_covered": 100.0, "percent_statements_covered_display": "100"}, "missing_lines": [], "excluded_lines": [], "start_line": 537}, "CrackGrowth._validate": {"executed_lines": [549, 552, 553, 555, 558, 559], "summary": {"covered_lines": 6, "num_statements": 6, "percent_covered": 100.0, "percent_covered_display": "100", "missing_lines": 0, "excluded_lines": 0, "percent_statements_covered": 100.0, "percent_statements_covered_display": "100"}, "missing_lines": [], "excluded_lines": [], "start_line": 545}, "CrackGrowth.calc_growth": {"executed_lines": [584, 590, 591, 592, 597, 600, 604, 606, 609, 611, 612, 615, 616, 618, 620, 631, 632, 633, 634, 635, 636, 637, 639, 642, 643, 644, 647, 648, 651, 657, 659, 661, 662, 664, 667, 669, 672, 676, 677, 678, 679, 680, 681, 682, 683, 684], "summary": {"covered_lines": 46, "num_statements": 47, "percent_covered": 97.87234042553192, "percent_covered_display": "98", "missing_lines": 1, "excluded_lines": 0, "percent_statements_covered": 97.87234042553192, "percent_statements_covered_display": "98"}, "missing_lines": [617], "excluded_lines": [], "start_line": 561}, "": {"executed_lines": [6, 9, 10, 11, 12, 15, 16, 17, 18, 19, 21, 23, 24, 25, 27, 29, 517, 518, 537, 544, 545, 561], "summary": {"covered_lines": 22, "num_statements": 22, "percent_covered": 100.0, "percent_covered_display": "100", "missing_lines": 0, "excluded_lines": 142, "percent_statements_covered": 100.0, "percent_statements_covered_display": "100"}, "missing_lines": [], "excluded_lines": [46, 47, 48, 49, 50, 51, 52, 53, 54, 55, 56, 57, 58, 59, 60, 61, 62, 63, 64, 65, 66, 67, 68, 69, 70, 71, 72, 73, 74, 75, 76, 77, 78, 79, 80, 81, 82, 83, 84, 85, 86, 87, 88, 89, 90, 91, 92, 93, 94, 95, 96, 97, 98, 99, 100, 101, 102, 103, 104, 105, 106, 107, 108, 109, 110, 111, 112, 113, 114, 115, 116, 117, 118, 119, 120, 121, 122, 123, 124, 125, 126, 127, 128, 129, 130, 131, 132, 133, 134, 135, 153, 154, 159, 160, 161, 164, 165, 166, 202, 203, 204, 205, 239, 240, 241, 242, 324, 325, 326, 327, 328, 329, 330, 331, 332, 333, 334, 335, 336, 337, 350, 351, 352, 353, 354, 355, 356, 357, 358, 359, 360, 361, 362, 363, 364, 365, 394, 395, 396, 397, 398, 399], "start_line": 1}}, "classes": {"CalcCrackGrowth": {"executed_lines": [], "summary": {"covered_lines": 0, "num_statements": 0, "percent_covered": 100.0, "percent_covered_display": "100", "missing_lines": 0, "excluded_lines": 170, "percent_statements_covered": 100.0, "percent_statements_covered_display": "100"}, "missing_lines": [], "excluded_lines": [136, 137, 138, 139, 140, 141, 142, 143, 144, 145, 146, 147, 148, 149, 150, 151, 152, 155, 156, 157, 158, 162, 163, 167, 168, 169, 170, 171, 172, 173, 174, 175, 176, 177, 178, 179, 180, 181, 182, 183, 184, 185, 186, 187, 188, 189, 190, 191, 192, 193, 194, 195, 196, 197, 198, 199, 200, 201, 206, 207, 208, 209, 210, 211, 212, 213, 214, 215, 216, 217, 218, 219, 220, 221, 222, 223, 224, 225, 226, 227, 228, 229, 230, 231, 232, 233, 234, 235, 236, 237, 238, 243, 244, 245, 246, 247, 248, 249, 250, 251, 252, 253, 254, 255, 256, 257, 258, 259, 260, 261, 262, 263, 264, 265, 266, 267, 268, 269, 270, 271, 272, 273, 274, 275, 276, 277, 278, 279, 280, 281, 282, 283, 284, 285, 286, 287, 288, 289, 290, 291, 292, 293, 294, 295, 296, 297, 298, 299, 300, 301, 302, 303, 304, 305, 306, 307, 308, 309, 310, 311, 312, 313, 314, 315, 316, 317, 318, 319, 320, 321], "start_line": 47}, "CrackGrowth": {"executed_lines": [539, 540, 541, 542, 549, 552, 553, 555, 558, 559, 584, 590, 591, 592, 597, 600, 604, 606, 609, 611, 612, 615, 616, 618, 620, 631, 632, 633, 634, 635, 636, 637, 639, 642, 643, 644, 647, 648, 651, 657, 659, 661, 662, 664, 667, 669, 672, 676, 677, 678, 679, 680, 681, 682, 683, 684], "summary": {"covered_lines": 56, "num_statements": 57, "percent_covered": 98.24561403508773, "percent_covered_display": "98", "missing_lines": 1, "excluded_lines": 0, "percent_statements_covered": 98.24561403508773, "percent_statements_covered_display": "98"}, "missing_lines": [617], "excluded_lines": [], "start_line": 518}, "": {"executed_lines": [6, 9, 10, 11, 12, 15, 16, 17, 18, 19, 21, 23, 24, 25, 27, 29, 517, 518, 537, 544, 545, 561], "summary": {"covered_lines": 22, "num_statements": 22, "percent_covered": 100.0, "percent_covered_display": "100", "missing_lines": 0, "excluded_lines": 293, "percent_statements_covered": 100.0, "percent_statements_covered_display": "100"}, "missing_lines": [], "excluded_lines": [46, 47, 48, 49, 50, 51, 52, 53, 54, 55, 56, 57, 58, 59, 60, 61, 62, 63, 64, 65, 66, 67, 68, 69, 70, 71, 72, 73, 74, 75, 76, 77, 78, 79, 80, 81, 82, 83, 84, 85, 86, 87, 88, 89, 90, 91, 92, 93, 94, 95, 96, 97, 98, 99, 100, 101, 102, 103, 104, 105, 106, 107, 108, 109, 110, 111, 112, 113, 114, 115, 116, 117, 118, 119, 120, 121, 122, 123, 124, 125, 126, 127, 128, 129, 130, 131, 132, 133, 134, 135, 153, 154, 159, 160, 161, 164, 165, 166, 202, 203, 204, 205, 239, 240, 241, 242, 324, 325, 326, 327, 328, 329, 330, 331, 332, 333, 334, 335, 336, 337, 338, 339, 340, 341, 342, 343, 344, 345, 346, 347, 350, 351, 352, 353, 354, 355, 356, 357, 358, 359, 360, 361, 362, 363, 364, 365, 366, 367, 368, 369, 370, 371, 372, 373, 374, 375, 376, 377, 378, 379, 380, 381, 382, 383, 384, 385, 386, 387, 388, 389, 390, 391, 394, 395, 396, 397, 398, 399, 400, 401, 402, 403, 404, 405, 406, 407, 408, 409, 410, 411, 412, 413, 414, 415, 416, 417, 418, 419, 420, 421, 422, 423, 424, 425, 426, 427, 428, 429, 430, 431, 432, 433, 434, 435, 436, 437, 438, 439, 440, 441, 442, 443, 444, 445, 446, 447, 448, 449, 450, 451, 452, 453, 454, 455, 456, 457, 458, 459, 460, 461, 462, 463, 464, 465, 466, 467, 468, 469, 470, 471, 472, 473, 474, 475, 476, 477, 478, 479, 480, 481, 482, 483, 484, 485, 486, 487, 488, 489, 490, 491, 492, 493, 494, 495, 496, 497, 498, 499, 500, 501, 502, 503, 504, 505, 506, 507, 508, 509, 510, 511, 512, 513, 514], "start_line": 1}}}, "py_fatigue/damage/stress_life.py": {"executed_lines": [8, 9, 10, 11, 12, 15, 16, 17, 18, 19, 20, 23, 24, 29, 30, 32, 34, 35, 36, 39, 42, 43, 46, 47, 48, 49, 50, 51, 53, 54, 58, 64, 77, 78, 82, 83, 84, 85, 86, 87, 88, 91, 94, 96, 115, 116, 118, 125, 150, 151, 152, 153, 155, 164, 187, 188, 200, 205, 206, 207, 208, 209, 210, 213, 215, 216, 217, 220, 221, 224, 225, 226, 227, 229, 230, 234, 240, 246, 282, 283, 284, 285, 286, 287, 288, 291, 294, 320, 323, 326, 350, 353, 363, 366, 410, 411, 412, 415, 416, 418, 421, 436, 437, 441, 444, 463, 471, 509, 519, 540, 546, 578, 579, 580, 581, 584, 606, 609, 632, 635, 696, 697, 698, 699, 703, 704, 705, 706, 710, 711, 712, 713, 717, 718, 719, 722, 723, 724, 729, 730, 731, 732, 733, 736, 737, 738, 743, 744, 745, 746, 747, 749, 752, 830, 836, 837, 841, 842, 843, 845, 846, 848, 851, 985, 986, 991, 992, 993, 994, 1000, 1001, 1002, 1003, 1004, 1010, 1011, 1015, 1016, 1017, 1018, 1019, 1021, 1023, 1024, 1039, 1045, 1046, 1049, 1057, 1058, 1059, 1060, 1069, 1098, 1101, 1110, 1161, 1164, 1165, 1178, 1236, 1259, 1262, 1265, 1269, 1377, 1459, 1465, 1470, 1474, 1499, 1504, 1512], "summary": {"covered_lines": 213, "num_statements": 256, "percent_covered": 83.203125, "percent_covered_display": "83", "missing_lines": 43, "excluded_lines": 0, "percent_statements_covered": 83.203125, "percent_statements_covered_display": "83"}, "missing_lines": [61, 62, 237, 238, 243, 244, 987, 1005, 1008, 1029, 1030, 1031, 1050, 1051, 1052, 1061, 1062, 1063, 1066, 1099, 1100, 1162, 1163, 1353, 1356, 1357, 1360, 1361, 1362, 1363, 1364, 1365, 1368, 1370, 1371, 1372, 1374, 1475, 1477, 1480, 1489, 1490, 1494], "excluded_lines": [], "functions": {"PalmgrenMiner.__init__": {"executed_lines": [47, 48, 49, 50, 51], "summary": {"covered_lines": 5, "num_statements": 5, "percent_covered": 100.0, "percent_covered_display": "100", "missing_lines": 0, "excluded_lines": 0, "percent_statements_covered": 100.0, "percent_statements_covered_display": "100"}, "missing_lines": [], "excluded_lines": [], "start_line": 46}, "PalmgrenMiner._validate": {"executed_lines": [58], "summary": {"covered_lines": 1, "num_statements": 3, "percent_covered": 33.333333333333336, "percent_covered_display": "33", "missing_lines": 2, "excluded_lines": 0, "percent_statements_covered": 33.333333333333336, "percent_statements_covered_display": "33"}, "missing_lines": [61, 62], "excluded_lines": [], "start_line": 54}, "PalmgrenMiner.damage": {"executed_lines": [77, 78, 82, 83, 84, 85, 86, 87, 88, 91, 94], "summary": {"covered_lines": 11, "num_statements": 11, "percent_covered": 100.0, "percent_covered_display": "100", "missing_lines": 0, "excluded_lines": 0, "percent_statements_covered": 100.0, "percent_statements_covered_display": "100"}, "missing_lines": [], "excluded_lines": [], "start_line": 64}, "PalmgrenMiner.des": {"executed_lines": [115, 116, 118], "summary": {"covered_lines": 3, "num_statements": 3, "percent_covered": 100.0, "percent_covered_display": "100", "missing_lines": 0, "excluded_lines": 0, "percent_statements_covered": 100.0, "percent_statements_covered_display": "100"}, "missing_lines": [], "excluded_lines": [], "start_line": 96}, "PalmgrenMiner.dem": {"executed_lines": [150, 151, 152, 153, 155], "summary": {"covered_lines": 5, "num_statements": 5, "percent_covered": 100.0, "percent_covered_display": "100", "missing_lines": 0, "excluded_lines": 0, "percent_statements_covered": 100.0, "percent_statements_covered_display": "100"}, "missing_lines": [], "excluded_lines": [], "start_line": 125}, "PalmgrenMiner.plot_histogram": {"executed_lines": [187, 188, 200, 205, 206, 207, 208, 209, 210], "summary": {"covered_lines": 9, "num_statements": 9, "percent_covered": 100.0, "percent_covered_display": "100", "missing_lines": 0, "excluded_lines": 0, "percent_statements_covered": 100.0, "percent_statements_covered_display": "100"}, "missing_lines": [], "excluded_lines": [], "start_line": 164}, "Gassner.__init__": {"executed_lines": [225, 226, 227], "summary": {"covered_lines": 3, "num_statements": 3, "percent_covered": 100.0, "percent_covered_display": "100", "missing_lines": 0, "excluded_lines": 0, "percent_statements_covered": 100.0, "percent_statements_covered_display": "100"}, "missing_lines": [], "excluded_lines": [], "start_line": 224}, "Gassner._validate": {"executed_lines": [234, 240], "summary": {"covered_lines": 2, "num_statements": 6, "percent_covered": 33.333333333333336, "percent_covered_display": "33", "missing_lines": 4, "excluded_lines": 0, "percent_statements_covered": 33.333333333333336, "percent_statements_covered_display": "33"}, "missing_lines": [237, 238, 243, 244], "excluded_lines": [], "start_line": 230}, "Gassner.g": {"executed_lines": [282, 283, 284, 285, 286, 287, 288, 291], "summary": {"covered_lines": 8, "num_statements": 8, "percent_covered": 100.0, "percent_covered_display": "100", "missing_lines": 0, "excluded_lines": 0, "percent_statements_covered": 100.0, "percent_statements_covered_display": "100"}, "missing_lines": [], "excluded_lines": [], "start_line": 246}, "calc_pm": {"executed_lines": [320, 323], "summary": {"covered_lines": 2, "num_statements": 2, "percent_covered": 100.0, "percent_covered_display": "100", "missing_lines": 0, "excluded_lines": 0, "percent_statements_covered": 100.0, "percent_statements_covered_display": "100"}, "missing_lines": [], "excluded_lines": [], "start_line": 294}, "calc_des": {"executed_lines": [350, 353, 363], "summary": {"covered_lines": 3, "num_statements": 3, "percent_covered": 100.0, "percent_covered_display": "100", "missing_lines": 0, "excluded_lines": 0, "percent_statements_covered": 100.0, "percent_statements_covered_display": "100"}, "missing_lines": [], "excluded_lines": [], "start_line": 326}, "calc_dem": {"executed_lines": [410, 411, 412, 415, 416, 418], "summary": {"covered_lines": 6, "num_statements": 6, "percent_covered": 100.0, "percent_covered_display": "100", "missing_lines": 0, "excluded_lines": 0, "percent_statements_covered": 100.0, "percent_statements_covered_display": "100"}, "missing_lines": [], "excluded_lines": [], "start_line": 366}, "get_pm": {"executed_lines": [436, 437, 441], "summary": {"covered_lines": 3, "num_statements": 3, "percent_covered": 100.0, "percent_covered_display": "100", "missing_lines": 0, "excluded_lines": 0, "percent_statements_covered": 100.0, "percent_statements_covered_display": "100"}, "missing_lines": [], "excluded_lines": [], "start_line": 421}, "get_des": {"executed_lines": [463], "summary": {"covered_lines": 1, "num_statements": 1, "percent_covered": 100.0, "percent_covered_display": "100", "missing_lines": 0, "excluded_lines": 0, "percent_statements_covered": 100.0, "percent_statements_covered_display": "100"}, "missing_lines": [], "excluded_lines": [], "start_line": 444}, "get_dem": {"executed_lines": [509], "summary": {"covered_lines": 1, "num_statements": 1, "percent_covered": 100.0, "percent_covered_display": "100", "missing_lines": 0, "excluded_lines": 0, "percent_statements_covered": 100.0, "percent_statements_covered_display": "100"}, "missing_lines": [], "excluded_lines": [], "start_line": 471}, "calc_manson_halford_exponents": {"executed_lines": [540], "summary": {"covered_lines": 1, "num_statements": 1, "percent_covered": 100.0, "percent_covered_display": "100", "missing_lines": 0, "excluded_lines": 0, "percent_statements_covered": 100.0, "percent_statements_covered_display": "100"}, "missing_lines": [], "excluded_lines": [], "start_line": 519}, "calc_pavlou_exponents": {"executed_lines": [578, 579, 580, 581], "summary": {"covered_lines": 4, "num_statements": 4, "percent_covered": 100.0, "percent_covered_display": "100", "missing_lines": 0, "excluded_lines": 0, "percent_statements_covered": 100.0, "percent_statements_covered_display": "100"}, "missing_lines": [], "excluded_lines": [], "start_line": 546}, "calc_si_jian_exponents": {"executed_lines": [606], "summary": {"covered_lines": 1, "num_statements": 1, "percent_covered": 100.0, "percent_covered_display": "100", "missing_lines": 0, "excluded_lines": 0, "percent_statements_covered": 100.0, "percent_statements_covered_display": "100"}, "missing_lines": [], "excluded_lines": [], "start_line": 584}, "calc_theil_weights": {"executed_lines": [632], "summary": {"covered_lines": 1, "num_statements": 1, "percent_covered": 100.0, "percent_covered_display": "100", "missing_lines": 0, "excluded_lines": 0, "percent_statements_covered": 100.0, "percent_statements_covered_display": "100"}, "missing_lines": [], "excluded_lines": [], "start_line": 609}, "_calc_damage_exponents": {"executed_lines": [696, 697, 698, 699, 703, 704, 705, 706, 710, 711, 712, 713, 717, 718, 719, 722, 723, 724, 729, 730, 731, 732, 733, 736, 737, 738, 743, 744, 745, 746, 747, 749], "summary": {"covered_lines": 32, "num_statements": 32, "percent_covered": 100.0, "percent_covered_display": "100", "missing_lines": 0, "excluded_lines": 0, "percent_statements_covered": 100.0, "percent_statements_covered_display": "100"}, "missing_lines": [], "excluded_lines": [], "start_line": 635}, "calc_nonlinear_damage": {"executed_lines": [830, 836, 837, 841, 842, 843, 845, 846, 848], "summary": {"covered_lines": 9, "num_statements": 9, "percent_covered": 100.0, "percent_covered_display": "100", "missing_lines": 0, "excluded_lines": 0, "percent_statements_covered": 100.0, "percent_statements_covered_display": "100"}, "missing_lines": [], "excluded_lines": [], "start_line": 752}, "calc_nonlinear_damage_with_dca": {"executed_lines": [985, 986, 991, 992, 993, 994, 1000, 1001, 1002, 1003, 1004, 1010, 1011, 1015, 1016, 1017, 1018, 1019, 1021, 1023, 1024, 1039, 1045, 1046, 1049, 1057, 1058, 1059, 1060], "summary": {"covered_lines": 29, "num_statements": 42, "percent_covered": 69.04761904761905, "percent_covered_display": "69", "missing_lines": 13, "excluded_lines": 0, "percent_statements_covered": 69.04761904761905, "percent_statements_covered_display": "69"}, "missing_lines": [987, 1005, 1008, 1029, 1030, 1031, 1050, 1051, 1052, 1061, 1062, 1063, 1066], "excluded_lines": [], "start_line": 851}, "get_nonlinear_damage": {"executed_lines": [1098, 1101], "summary": {"covered_lines": 2, "num_statements": 4, "percent_covered": 50.0, "percent_covered_display": "50", "missing_lines": 2, "excluded_lines": 0, "percent_statements_covered": 50.0, "percent_statements_covered_display": "50"}, "missing_lines": [1099, 1100], "excluded_lines": [], "start_line": 1069}, "get_nonlinear_damage_with_dca": {"executed_lines": [1161, 1164, 1165], "summary": {"covered_lines": 3, "num_statements": 5, "percent_covered": 60.0, "percent_covered_display": "60", "missing_lines": 2, "excluded_lines": 0, "percent_statements_covered": 60.0, "percent_statements_covered_display": "60"}, "missing_lines": [1162, 1163], "excluded_lines": [], "start_line": 1110}, "find_sn_curve_intersection": {"executed_lines": [1236], "summary": {"covered_lines": 1, "num_statements": 1, "percent_covered": 100.0, "percent_covered_display": "100", "missing_lines": 0, "excluded_lines": 0, "percent_statements_covered": 100.0, "percent_statements_covered_display": "100"}, "missing_lines": [], "excluded_lines": [], "start_line": 1178}, "find_sn_curve_intersection_2": {"executed_lines": [1262], "summary": {"covered_lines": 1, "num_statements": 1, "percent_covered": 100.0, "percent_covered_display": "100", "missing_lines": 0, "excluded_lines": 0, "percent_statements_covered": 100.0, "percent_statements_covered_display": "100"}, "missing_lines": [], "excluded_lines": [], "start_line": 1259}, "_calc_theil_sn_damage": {"executed_lines": [], "summary": {"covered_lines": 0, "num_statements": 14, "percent_covered": 0.0, "percent_covered_display": "0", "missing_lines": 14, "excluded_lines": 0, "percent_statements_covered": 0.0, "percent_statements_covered_display": "0"}, "missing_lines": [1353, 1356, 1357, 1360, 1361, 1362, 1363, 1364, 1365, 1368, 1370, 1371, 1372, 1374], "excluded_lines": [], "start_line": 1269}, "calc_theil_sn_damage": {"executed_lines": [1459, 1465, 1470, 1474, 1499], "summary": {"covered_lines": 5, "num_statements": 11, "percent_covered": 45.45454545454545, "percent_covered_display": "45", "missing_lines": 6, "excluded_lines": 0, "percent_statements_covered": 45.45454545454545, "percent_statements_covered_display": "45"}, "missing_lines": [1475, 1477, 1480, 1489, 1490, 1494], "excluded_lines": [], "start_line": 1377}, "calc_theil_cycles_to_failure": {"executed_lines": [1512], "summary": {"covered_lines": 1, "num_statements": 1, "percent_covered": 100.0, "percent_covered_display": "100", "missing_lines": 0, "excluded_lines": 0, "percent_statements_covered": 100.0, "percent_statements_covered_display": "100"}, "missing_lines": [], "excluded_lines": [], "start_line": 1504}, "": {"executed_lines": [8, 9, 10, 11, 12, 15, 16, 17, 18, 19, 20, 23, 24, 29, 30, 3
[...]
m_statements": 7, "percent_covered": 100.0, "percent_covered_display": "100", "missing_lines": 0, "excluded_lines": 0, "percent_statements_covered": 100.0, "percent_statements_covered_display": "100"}, "missing_lines": [], "excluded_lines": [], "start_line": 641}, "chunks": {"executed_lines": [683, 684], "summary": {"covered_lines": 2, "num_statements": 2, "percent_covered": 100.0, "percent_covered_display": "100", "missing_lines": 0, "excluded_lines": 0, "percent_statements_covered": 100.0, "percent_statements_covered_display": "100"}, "missing_lines": [], "excluded_lines": [], "start_line": 681}, "calc_slope_intercept": {"executed_lines": [722, 723, 724, 725, 731, 732, 733], "summary": {"covered_lines": 7, "num_statements": 7, "percent_covered": 100.0, "percent_covered_display": "100", "missing_lines": 0, "excluded_lines": 0, "percent_statements_covered": 100.0, "percent_statements_covered_display": "100"}, "missing_lines": [], "excluded_lines": [], "start_line": 687}, "scalarize_numba_result": {"executed_lines": [777], "summary": {"covered_lines": 1, "num_statements": 1, "percent_covered": 100.0, "percent_covered_display": "100", "missing_lines": 0, "excluded_lines": 0, "percent_statements_covered": 100.0, "percent_statements_covered_display": "100"}, "missing_lines": [], "excluded_lines": [], "start_line": 774}, "raise_non_scalar_numba_result": {"executed_lines": [], "summary": {"covered_lines": 0, "num_statements": 1, "percent_covered": 0.0, "percent_covered_display": "0", "missing_lines": 1, "excluded_lines": 0, "percent_statements_covered": 0.0, "percent_statements_covered_display": "0"}, "missing_lines": [785], "excluded_lines": [], "start_line": 782}, "scalarize_numba_result_overload": {"executed_lines": [794, 796, 799, 800, 802, 805, 806, 808, 813, 814, 820, 828, 830, 835, 836, 838, 843], "summary": {"covered_lines": 17, "num_statements": 22, "percent_covered": 77.27272727272727, "percent_covered_display": "77", "missing_lines": 5, "excluded_lines": 0, "percent_statements_covered": 77.27272727272727, "percent_statements_covered_display": "77"}, "missing_lines": [816, 819, 822, 827, 844], "excluded_lines": [], "start_line": 791}, "scalarize_numba_result_overload.scalar_impl": {"executed_lines": [], "summary": {"covered_lines": 0, "num_statements": 1, "percent_covered": 0.0, "percent_covered_display": "0", "missing_lines": 1, "excluded_lines": 0, "percent_statements_covered": 0.0, "percent_statements_covered_display": "0"}, "missing_lines": [797], "excluded_lines": [], "start_line": 796}, "scalarize_numba_result_overload.unituple_scalar_impl": {"executed_lines": [], "summary": {"covered_lines": 0, "num_statements": 1, "percent_covered": 0.0, "percent_covered_display": "0", "missing_lines": 1, "excluded_lines": 0, "percent_statements_covered": 0.0, "percent_statements_covered_display": "0"}, "missing_lines": [803], "excluded_lines": [], "start_line": 802}, "scalarize_numba_result_overload.unituple_reject_impl": {"executed_lines": [], "summary": {"covered_lines": 0, "num_statements": 3, "percent_covered": 0.0, "percent_covered_display": "0", "missing_lines": 3, "excluded_lines": 0, "percent_statements_covered": 0.0, "percent_statements_covered_display": "0"}, "missing_lines": [809, 810, 811], "excluded_lines": [], "start_line": 808}, "scalarize_numba_result_overload.tuple_scalar_impl": {"executed_lines": [], "summary": {"covered_lines": 0, "num_statements": 1, "percent_covered": 0.0, "percent_covered_display": "0", "missing_lines": 1, "excluded_lines": 0, "percent_statements_covered": 0.0, "percent_statements_covered_display": "0"}, "missing_lines": [817], "excluded_lines": [], "start_line": 816}, "scalarize_numba_result_overload.tuple_reject_impl": {"executed_lines": [], "summary": {"covered_lines": 0, "num_statements": 3, "percent_covered": 0.0, "percent_covered_display": "0", "missing_lines": 3, "excluded_lines": 0, "percent_statements_covered": 0.0, "percent_statements_covered_display": "0"}, "missing_lines": [823, 824, 825], "excluded_lines": [], "start_line": 822}, "scalarize_numba_result_overload.array_impl": {"executed_lines": [], "summary": {"covered_lines": 0, "num_statements": 3, "percent_covered": 0.0, "percent_covered_display": "0", "missing_lines": 3, "excluded_lines": 0, "percent_statements_covered": 0.0, "percent_statements_covered_display": "0"}, "missing_lines": [831, 832, 833], "excluded_lines": [], "start_line": 830}, "scalarize_numba_result_overload.list_impl": {"executed_lines": [], "summary": {"covered_lines": 0, "num_statements": 3, "percent_covered": 0.0, "percent_covered_display": "0", "missing_lines": 3, "excluded_lines": 0, "percent_statements_covered": 0.0, "percent_statements_covered_display": "0"}, "missing_lines": [839, 840, 841], "excluded_lines": [], "start_line": 838}, "compile_specialized_bisect": {"executed_lines": [852, 854, 900, 904, 905, 907, 934], "summary": {"covered_lines": 7, "num_statements": 7, "percent_covered": 100.0, "percent_covered_display": "100", "missing_lines": 0, "excluded_lines": 0, "percent_statements_covered": 100.0, "percent_statements_covered_display": "100"}, "missing_lines": [], "excluded_lines": [], "start_line": 848}, "compile_specialized_bisect.python_bisect_compat": {"executed_lines": [855, 857, 874, 877, 878, 880, 881, 882, 883, 885, 886, 888, 898], "summary": {"covered_lines": 13, "num_statements": 21, "percent_covered": 61.904761904761905, "percent_covered_display": "62", "missing_lines": 8, "excluded_lines": 0, "percent_statements_covered": 61.904761904761905, "percent_statements_covered_display": "62"}, "missing_lines": [889, 890, 891, 892, 894, 895, 896, 897], "excluded_lines": [], "start_line": 854}, "compile_specialized_bisect.python_bisect_compat.ensure_scalar": {"executed_lines": [858, 864, 870, 872], "summary": {"covered_lines": 4, "num_statements": 11, "percent_covered": 36.36363636363637, "percent_covered_display": "36", "missing_lines": 7, "excluded_lines": 0, "percent_statements_covered": 36.36363636363637, "percent_statements_covered_display": "36"}, "missing_lines": [859, 860, 863, 865, 866, 869, 871], "excluded_lines": [], "start_line": 857}, "compile_specialized_bisect.python_bisect_compat.evaluate": {"executed_lines": [875], "summary": {"covered_lines": 1, "num_statements": 1, "percent_covered": 100.0, "percent_covered_display": "100", "missing_lines": 0, "excluded_lines": 0, "percent_statements_covered": 100.0, "percent_statements_covered_display": "100"}, "missing_lines": [], "excluded_lines": [], "start_line": 874}, "compile_specialized_bisect.python_bisect": {"executed_lines": [908, 909, 910, 911, 912, 914, 915, 916, 917, 919, 920, 922, 932], "summary": {"covered_lines": 13, "num_statements": 21, "percent_covered": 61.904761904761905, "percent_covered_display": "62", "missing_lines": 8, "excluded_lines": 0, "percent_statements_covered": 61.904761904761905, "percent_statements_covered_display": "62"}, "missing_lines": [923, 924, 925, 926, 928, 929, 930, 931], "excluded_lines": [], "start_line": 907}, "compile_specialized_newton": {"executed_lines": [945, 947, 961], "summary": {"covered_lines": 3, "num_statements": 3, "percent_covered": 100.0, "percent_covered_display": "100", "missing_lines": 0, "excluded_lines": 0, "percent_statements_covered": 100.0, "percent_statements_covered_display": "100"}, "missing_lines": [], "excluded_lines": [], "start_line": 938}, "compile_specialized_newton.python_newton": {"executed_lines": [], "summary": {"covered_lines": 0, "num_statements": 9, "percent_covered": 0.0, "percent_covered_display": "0", "missing_lines": 9, "excluded_lines": 0, "percent_statements_covered": 0.0, "percent_statements_covered_display": "0"}, "missing_lines": [948, 949, 950, 951, 952, 953, 955, 958, 959], "excluded_lines": [], "start_line": 947}, "py_bisect": {"executed_lines": [970, 971, 972, 974, 975, 976, 979, 980, 982, 983, 984, 985, 986, 988, 989, 990, 991, 995], "summary": {"covered_lines": 18, "num_statements": 19, "percent_covered": 94.73684210526316, "percent_covered_display": "95", "missing_lines": 1, "excluded_lines": 0, "percent_statements_covered": 94.73684210526316, "percent_statements_covered_display": "95"}, "missing_lines": [977], "excluded_lines": [], "start_line": 964}, "py_newton": {"executed_lines": [1003, 1004, 1005, 1006, 1007, 1008, 1009, 1010], "summary": {"covered_lines": 8, "num_statements": 9, "percent_covered": 88.88888888888889, "percent_covered_display": "89", "missing_lines": 1, "excluded_lines": 0, "percent_statements_covered": 88.88888888888889, "percent_statements_covered_display": "89"}, "missing_lines": [1011], "excluded_lines": [], "start_line": 998}, "numba_bisect": {"executed_lines": [1018, 1021, 1022, 1023], "summary": {"covered_lines": 4, "num_statements": 4, "percent_covered": 100.0, "percent_covered_display": "100", "missing_lines": 0, "excluded_lines": 0, "percent_statements_covered": 100.0, "percent_statements_covered_display": "100"}, "missing_lines": [], "excluded_lines": [], "start_line": 1014}, "numba_newton": {"executed_lines": [1031, 1034, 1035, 1036], "summary": {"covered_lines": 4, "num_statements": 4, "percent_covered": 100.0, "percent_covered_display": "100", "missing_lines": 0, "excluded_lines": 0, "percent_statements_covered": 100.0, "percent_statements_covered_display": "100"}, "missing_lines": [], "excluded_lines": [], "start_line": 1026}, "warmup_numba": {"executed_lines": [1049, 1053, 1055, 1058, 1061, 1064, 1065, 1068, 1069, 1073, 1074, 1075, 1076, 1077, 1078, 1079, 1080, 1081, 1082, 1084, 1085, 1086, 1087, 1088, 1090, 1096, 1097, 1098, 1099, 1101, 1102, 1103, 1105, 1114, 1115, 1117, 1118, 1119, 1130, 1131, 1141, 1142, 1143, 1144], "summary": {"covered_lines": 44, "num_statements": 44, "percent_covered": 100.0, "percent_covered_display": "100", "missing_lines": 0, "excluded_lines": 0, "percent_statements_covered": 100.0, "percent_statements_covered_display": "100"}, "missing_lines": [], "excluded_lines": [], "start_line": 1039}, "_plot_damage_accumulation": {"executed_lines": [], "summary": {"covered_lines": 0, "num_statements": 0, "percent_covered": 100.0, "percent_covered_display": "100", "missing_lines": 0, "excluded_lines": 30, "percent_statements_covered": 100.0, "percent_statements_covered_display": "100"}, "missing_lines": [], "excluded_lines": [1160, 1161, 1162, 1163, 1164, 1165, 1166, 1167, 1168, 1169, 1170, 1171, 1172, 1173, 1174, 1175, 1176, 1177, 1178, 1179, 1180, 1181, 1182, 1183, 1184, 1185, 1186, 1187, 1188, 1189], "start_line": 1153}, "CustomFormatter.format": {"executed_lines": [1244, 1245, 1246], "summary": {"covered_lines": 3, "num_statements": 3, "percent_covered": 100.0, "percent_covered_display": "100", "missing_lines": 0, "excluded_lines": 0, "percent_statements_covered": 100.0, "percent_statements_covered_display": "100"}, "missing_lines": [], "excluded_lines": [], "start_line": 1243}, "": {"executed_lines": [8, 9, 10, 11, 12, 13, 14, 15, 29, 30, 31, 35, 36, 37, 38, 39, 41, 44, 47, 50, 54, 62, 93, 123, 205, 214, 215, 231, 240, 241, 244, 253, 254, 257, 260, 261, 275, 276, 277, 278, 279, 280, 290, 309, 310, 314, 315, 318, 319, 323, 324, 327, 328, 338, 339, 353, 354, 364, 365, 375, 376, 385, 386, 395, 396, 405, 406, 415, 416, 427, 428, 438, 469, 499, 514, 534, 553, 582, 605, 607, 610, 617, 622, 626, 627, 630, 631, 641, 681, 687, 774, 781, 782, 789, 791, 847, 848, 937, 938, 964, 998, 1014, 1026, 1039, 1195, 1198, 1199, 1200, 1201, 1202, 1203, 1204, 1205, 1206, 1207, 1208, 1210, 1243], "summary": {"covered_lines": 118, "num_statements": 118, "percent_covered": 100.0, "percent_covered_display": "100", "missing_lines": 0, "excluded_lines": 23, "percent_statements_covered": 100.0, "percent_statements_covered_display": "100"}, "missing_lines": [], "excluded_lines": [146, 170, 171, 172, 173, 218, 219, 220, 221, 222, 223, 224, 225, 226, 227, 228, 1153, 1154, 1155, 1156, 1157, 1158, 1159], "start_line": 1}}, "classes": {"_ScalarCoercibleArray": {"executed_lines": [48, 51], "summary": {"covered_lines": 2, "num_statements": 2, "percent_covered": 100.0, "percent_covered_display": "100", "missing_lines": 0, "excluded_lines": 0, "percent_statements_covered": 100.0, "percent_statements_covered_display": "100"}, "missing_lines": [], "excluded_lines": [], "start_line": 44}, "IntInt": {"executed_lines": [], "summary": {"covered_lines": 0, "num_statements": 0, "percent_covered": 100.0, "percent_covered_display": "100", "missing_lines": 0, "excluded_lines": 0, "percent_statements_covered": 100.0, "percent_statements_covered_display": "100"}, "missing_lines": [], "excluded_lines": [], "start_line": 205}, "ArrayArray": {"executed_lines": [], "summary": {"covered_lines": 0, "num_statements": 0, "percent_covered": 100.0, "percent_covered_display": "100", "missing_lines": 0, "excluded_lines": 0, "percent_statements_covered": 100.0, "percent_statements_covered_display": "100"}, "missing_lines": [], "excluded_lines": [], "start_line": 218}, "IntArray": {"executed_lines": [], "summary": {"covered_lines": 0, "num_statements": 0, "percent_covered": 100.0, "percent_covered_display": "100", "missing_lines": 0, "excluded_lines": 0, "percent_statements_covered": 100.0, "percent_statements_covered_display": "100"}, "missing_lines": [], "excluded_lines": [], "start_line": 231}, "ArrayInt": {"executed_lines": [], "summary": {"covered_lines": 0, "num_statements": 0, "percent_covered": 100.0, "percent_covered_display": "100", "missing_lines": 0, "excluded_lines": 0, "percent_statements_covered": 100.0, "percent_statements_covered_display": "100"}, "missing_lines": [], "excluded_lines": [], "start_line": 244}, "FatigueStress": {"executed_lines": [291, 292, 293, 294, 295, 296, 297, 298, 302, 303, 312, 316, 321, 325, 335, 351, 361, 373, 383, 393, 403, 413, 423, 424, 425, 435], "summary": {"covered_lines": 26, "num_statements": 26, "percent_covered": 100.0, "percent_covered_display": "100", "missing_lines": 0, "excluded_lines": 0, "percent_statements_covered": 100.0, "percent_statements_covered_display": "100"}, "missing_lines": [], "excluded_lines": [], "start_line": 261}, "TypedArray": {"executed_lines": [619, 620, 624], "summary": {"covered_lines": 3, "num_statements": 8, "percent_covered": 37.5, "percent_covered_display": "38", "missing_lines": 5, "excluded_lines": 0, "percent_statements_covered": 37.5, "percent_statements_covered_display": "38"}, "missing_lines": [628, 633, 634, 637, 638], "excluded_lines": [], "start_line": 610}, "CustomFormatter": {"executed_lines": [1244, 1245, 1246], "summary": {"covered_lines": 3, "num_statements": 3, "percent_covered": 100.0, "percent_covered_display": "100", "missing_lines": 0, "excluded_lines": 0, "percent_statements_covered": 100.0, "percent_statements_covered_display": "100"}, "missing_lines": [], "excluded_lines": [], "start_line": 1195}, "": {"executed_lines": [8, 9, 10, 11, 12, 13, 14, 15, 29, 30, 31, 35, 36, 37, 38, 39, 41, 44, 47, 50, 54, 55, 56, 57, 58, 62, 76, 77, 78, 79, 80, 81, 83, 84, 85, 86, 87, 89, 93, 107, 108, 109, 110, 111, 112, 113, 114, 116, 117, 119, 123, 136, 137, 138, 139, 140, 141, 143, 205, 214, 215, 231, 240, 241, 244, 253, 254, 257, 260, 261, 275, 276, 277, 278, 279, 280, 290, 309, 310, 314, 315, 318, 319, 323, 324, 327, 328, 338, 339, 353, 354, 364, 365, 375, 376, 385, 386, 395, 396, 405, 406, 415, 416, 427, 428, 438, 458, 460, 462, 466, 469, 493, 496, 499, 505, 506, 507, 511, 514, 521, 523, 524, 525, 526, 527, 528, 529, 530, 531, 534, 541, 543, 544, 545, 546, 547, 548, 549, 550, 553, 567, 568, 570, 571, 572, 573, 574, 575, 576, 577, 578, 579, 582, 602, 605, 607, 610, 617, 622, 626, 627, 630, 631, 641, 661, 666, 670, 672, 676, 677, 678, 681, 683, 684, 687, 722, 723, 724, 725, 731, 732, 733, 774, 777, 781, 782, 789, 791, 794, 796, 799, 800, 802, 805, 806, 808, 813, 814, 820, 828, 830, 835, 836, 838, 843, 847, 848, 852, 854, 855, 857, 858, 864, 870, 872, 874, 875, 877, 878, 880, 881, 882, 883, 885, 886, 888, 898, 900, 904, 905, 907, 908, 909, 910, 911, 912, 914, 915, 916, 917, 919, 920, 922, 932, 934, 937, 938, 945, 947, 961, 964, 970, 971, 972, 974, 975, 976, 979, 980, 982, 983, 984, 985, 986, 988, 989, 990, 991, 995, 998, 1003, 1004, 1005, 1006, 1007, 1008, 1009, 1010, 1014, 1018, 1021, 1022, 1023, 1026, 1031, 1034, 1035, 1036, 1039, 1049, 1053, 1055, 1058, 1061, 1064, 1065, 1068, 1069, 1073, 1074, 1075, 1076, 1077, 1078, 1079, 1080, 1081, 1082, 1084, 1085, 1086, 1087, 1088, 1090, 1096, 1097, 1098, 1099, 1101, 1102, 1103, 1105, 1114, 1115, 1117, 1118, 1119, 1130, 1131, 1141, 1142, 1143, 1144, 1195, 1198, 1199, 1200, 1201, 1202, 1203, 1204, 1205, 1206, 1207, 1208, 1210, 1243], "summary": {"covered_lines": 347, "num_statements": 402, "percent_covered": 86.31840796019901, "percent_covered_display": "86", "missing_lines": 55, "excluded_lines": 103, "percent_statements_covered": 86.31840796019901, "percent_statements_covered_display": "86"}, "missing_lines": [785, 797, 803, 809, 810, 811, 816, 817, 819, 822, 823, 824, 825, 827, 831, 832, 833, 839, 840, 841, 844, 859, 860, 863, 865, 866, 869, 871, 889, 890, 891, 892, 894, 895, 896, 897, 923, 924, 925, 926, 928, 929, 930, 931, 948, 949, 950, 951, 952, 953, 955, 958, 959, 977, 1011], "excluded_lines": [146, 147, 148, 149, 150, 151, 152, 153, 154, 155, 156, 157, 158, 159, 160, 161, 162, 163, 164, 165, 166, 167, 170, 171, 172, 173, 174, 175, 176, 177, 178, 179, 180, 181, 182, 183, 184, 185, 186, 187, 188, 189, 190, 191, 192, 193, 194, 195, 196, 197, 198, 199, 200, 201, 202, 218, 219, 220, 221, 222, 223, 224, 225, 226, 227, 228, 1153, 1154, 1155, 1156, 1157, 1158, 1159, 1160, 1161, 1162, 1163, 1164, 1165, 1166, 1167, 1168, 1169, 1170, 1171, 1172, 1173, 1174, 1175, 1176, 1177, 1178, 1179, 1180, 1181, 1182, 1183, 1184, 1185, 1186, 1187, 1188, 1189], "start_line": 1}}}, "py_fatigue/version.py": {"executed_lines": [18, 19, 21, 23, 29, 32, 33, 34, 35, 36, 39, 42, 43, 44, 49, 50, 51, 52, 54, 55, 56, 57, 58, 60], "summary": {"covered_lines": 24, "num_statements": 24, "percent_covered": 100.0, "percent_covered_display": "100", "missing_lines": 0, "excluded_lines": 0, "percent_statements_covered": 100.0, "percent_statements_covered_display": "100"}, "missing_lines": [], "excluded_lines": [], "functions": {"parse_version": {"executed_lines": [42, 43, 44, 49, 50, 51, 52, 54, 55, 56, 57, 58, 60], "summary": {"covered_lines": 13, "num_statements": 13, "percent_covered": 100.0, "percent_covered_display": "100", "missing_lines": 0, "excluded_lines": 0, "percent_statements_covered": 100.0, "percent_statements_covered_display": "100"}, "missing_lines": [], "excluded_lines": [], "start_line": 39}, "": {"executed_lines": [18, 19, 21, 23, 29, 32, 33, 34, 35, 36, 39], "summary": {"covered_lines": 11, "num_statements": 11, "percent_covered": 100.0, "percent_covered_display": "100", "missing_lines": 0, "excluded_lines": 0, "percent_statements_covered": 100.0, "percent_statements_covered_display": "100"}, "missing_lines": [], "excluded_lines": [], "start_line": 1}}, "classes": {"Version": {"executed_lines": [], "summary": {"covered_lines": 0, "num_statements": 0, "percent_covered": 100.0, "percent_covered_display": "100", "missing_lines": 0, "excluded_lines": 0, "percent_statements_covered": 100.0, "percent_statements_covered_display": "100"}, "missing_lines": [], "excluded_lines": [], "start_line": 29}, "": {"executed_lines": [18, 19, 21, 23, 29, 32, 33, 34, 35, 36, 39, 42, 43, 44, 49, 50, 51, 52, 54, 55, 56, 57, 58, 60], "summary": {"covered_lines": 24, "num_statements": 24, "percent_covered": 100.0, "percent_covered_display": "100", "missing_lines": 0, "excluded_lines": 0, "percent_statements_covered": 100.0, "percent_statements_covered_display": "100"}, "missing_lines": [], "excluded_lines": [], "start_line": 1}}}}, "totals": {"covered_lines": 2122, "num_statements": 2338, "percent_covered": 90.76133447390933, "percent_covered_display": "91", "missing_lines": 216, "excluded_lines": 1911, "percent_statements_covered": 90.76133447390933, "percent_statements_covered_display": "91"}}